Info: Starting: Create block symbol file (.bsf)
Info: qsys-generate C:\Users\Brock\school\ECE385\ece385\Lab9\nios_system.qsys --block-symbol-file --output-directory=C:\Users\Brock\school\ECE385\ece385\Lab9\nios_system --family="Cyclone IV E" --part=EP4CE115F29C7
Progress: Loading Lab9/nios_system.qsys
Progress: Reading input file
Progress: Adding AES_Decryption_Core_0 [AES_Decryption_Core 1.0]
Progress: Parameterizing module AES_Decryption_Core_0
Progress: Adding clk_0 [clock_source 18.0]
Progress: Parameterizing module clk_0
Progress: Adding jtag_uart_0 [altera_avalon_jtag_uart 18.0]
Progress: Parameterizing module jtag_uart_0
Progress: Adding keycode [altera_avalon_pio 18.0]
Progress: Parameterizing module keycode
Progress: Adding keys [altera_avalon_pio 18.0]
Progress: Parameterizing module keys
Progress: Adding led [altera_avalon_pio 18.0]
Progress: Parameterizing module led
Progress: Adding ledr [altera_avalon_pio 18.0]
Progress: Parameterizing module ledr
Progress: Adding nios2_gen2_0 [altera_nios2_gen2 18.0]
Progress: Parameterizing module nios2_gen2_0
Progress: Adding onchip_memory2_0 [altera_avalon_onchip_memory2 18.0]
Progress: Parameterizing module onchip_memory2_0
Progress: Adding otg_hpi_address [altera_avalon_pio 18.0]
Progress: Parameterizing module otg_hpi_address
Progress: Adding otg_hpi_cs [altera_avalon_pio 18.0]
Progress: Parameterizing module otg_hpi_cs
Progress: Adding otg_hpi_data [altera_avalon_pio 18.0]
Progress: Parameterizing module otg_hpi_data
Progress: Adding otg_hpi_r [altera_avalon_pio 18.0]
Progress: Parameterizing module otg_hpi_r
Progress: Adding otg_hpi_reset [altera_avalon_pio 18.0]
Progress: Parameterizing module otg_hpi_reset
Progress: Adding otg_hpi_w [altera_avalon_pio 18.0]
Progress: Parameterizing module otg_hpi_w
Progress: Adding sdram [altera_avalon_new_sdram_controller 18.0]
Progress: Parameterizing module sdram
Progress: Adding sdram_pll [altpll 18.0]
Progress: Parameterizing module sdram_pll
Progress: Adding switches [altera_avalon_pio 18.0]
Progress: Parameterizing module switches
Progress: Adding sysid_qsys_0 [altera_avalon_sysid_qsys 18.0]
Progress: Parameterizing module sysid_qsys_0
Progress: Building connections
Progress: Parameterizing connections
Progress: Validating
Progress: Done reading input file
Info: nios_system.jtag_uart_0: JTAG UART IP input clock need to be at least double (2x) the operating frequency of JTAG TCK on board
Info: nios_system.keys: PIO inputs are not hardwired in test bench. Undefined values will be read from PIO inputs during simulation.
Info: nios_system.sdram: SDRAM Controller will only be supported in Quartus Prime Standard Edition in the future release.
Info: nios_system.sysid_qsys_0: System ID is not assigned automatically. Edit the System ID parameter to provide a unique ID
Info: nios_system.sysid_qsys_0: Time stamp will be automatically updated when this component is generated.
Info: qsys-generate succeeded.
Info: Finished: Create block symbol file (.bsf)
Info: 
Info: Starting: Create HDL design files for synthesis
Info: qsys-generate C:\Users\Brock\school\ECE385\ece385\Lab9\nios_system.qsys --synthesis=VERILOG --output-directory=C:\Users\Brock\school\ECE385\ece385\Lab9\nios_system\synthesis --family="Cyclone IV E" --part=EP4CE115F29C7
Progress: Loading Lab9/nios_system.qsys
Progress: Reading input file
Progress: Adding AES_Decryption_Core_0 [AES_Decryption_Core 1.0]
Progress: Parameterizing module AES_Decryption_Core_0
Progress: Adding clk_0 [clock_source 18.0]
Progress: Parameterizing module clk_0
Progress: Adding jtag_uart_0 [altera_avalon_jtag_uart 18.0]
Progress: Parameterizing module jtag_uart_0
Progress: Adding keycode [altera_avalon_pio 18.0]
Progress: Parameterizing module keycode
Progress: Adding keys [altera_avalon_pio 18.0]
Progress: Parameterizing module keys
Progress: Adding led [altera_avalon_pio 18.0]
Progress: Parameterizing module led
Progress: Adding ledr [altera_avalon_pio 18.0]
Progress: Parameterizing module ledr
Progress: Adding nios2_gen2_0 [altera_nios2_gen2 18.0]
Progress: Parameterizing module nios2_gen2_0
Progress: Adding onchip_memory2_0 [altera_avalon_onchip_memory2 18.0]
Progress: Parameterizing module onchip_memory2_0
Progress: Adding otg_hpi_address [altera_avalon_pio 18.0]
Progress: Parameterizing module otg_hpi_address
Progress: Adding otg_hpi_cs [altera_avalon_pio 18.0]
Progress: Parameterizing module otg_hpi_cs
Progress: Adding otg_hpi_data [altera_avalon_pio 18.0]
Progress: Parameterizing module otg_hpi_data
Progress: Adding otg_hpi_r [altera_avalon_pio 18.0]
Progress: Parameterizing module otg_hpi_r
Progress: Adding otg_hpi_reset [altera_avalon_pio 18.0]
Progress: Parameterizing module otg_hpi_reset
Progress: Adding otg_hpi_w [altera_avalon_pio 18.0]
Progress: Parameterizing module otg_hpi_w
Progress: Adding sdram [altera_avalon_new_sdram_controller 18.0]
Progress: Parameterizing module sdram
Progress: Adding sdram_pll [altpll 18.0]
Progress: Parameterizing module sdram_pll
Progress: Adding switches [altera_avalon_pio 18.0]
Progress: Parameterizing module switches
Progress: Adding sysid_qsys_0 [altera_avalon_sysid_qsys 18.0]
Progress: Parameterizing module sysid_qsys_0
Progress: Building connections
Progress: Parameterizing connections
Progress: Validating
Progress: Done reading input file
Info: nios_system.jtag_uart_0: JTAG UART IP input clock need to be at least double (2x) the operating frequency of JTAG TCK on board
Info: nios_system.keys: PIO inputs are not hardwired in test bench. Undefined values will be read from PIO inputs during simulation.
Info: nios_system.sdram: SDRAM Controller will only be supported in Quartus Prime Standard Edition in the future release.
Info: nios_system.sysid_qsys_0: System ID is not assigned automatically. Edit the System ID parameter to provide a unique ID
Info: nios_system.sysid_qsys_0: Time stamp will be automatically updated when this component is generated.
Info: nios_system: Generating nios_system "nios_system" for QUARTUS_SYNTH
Info: Inserting clock-crossing logic between cmd_demux.src6 and cmd_mux_006.sink0
Info: Inserting clock-crossing logic between cmd_demux_001.src5 and cmd_mux_006.sink1
Info: Inserting clock-crossing logic between rsp_demux_006.src0 and rsp_mux.sink6
Info: Inserting clock-crossing logic between rsp_demux_006.src1 and rsp_mux_001.sink5
Info: AES_Decryption_Core_0: "nios_system" instantiated AES_Decryption_Core "AES_Decryption_Core_0"
Info: jtag_uart_0: Starting RTL generation for module 'nios_system_jtag_uart_0'
Info: jtag_uart_0:   Generation command is [exec C:/users/brock/quartus/quartus/bin64/perl/bin/perl.exe -I C:/users/brock/quartus/quartus/bin64/perl/lib -I C:/users/brock/quartus/quartus/sopc_builder/bin/europa -I C:/users/brock/quartus/quartus/sopc_builder/bin/perl_lib -I C:/users/brock/quartus/quartus/sopc_builder/bin -I C:/users/brock/quartus/quartus/../ip/altera/sopc_builder_ip/common -I C:/users/brock/quartus/quartus/../ip/altera/sopc_builder_ip/altera_avalon_jtag_uart -- C:/users/brock/quartus/quartus/../ip/altera/sopc_builder_ip/altera_avalon_jtag_uart/generate_rtl.pl --name=nios_system_jtag_uart_0 --dir=C:/Users/Brock/AppData/Local/Temp/alt7977_6609241907161557288.dir/0156_jtag_uart_0_gen/ --quartus_dir=C:/users/brock/quartus/quartus --verilog --config=C:/Users/Brock/AppData/Local/Temp/alt7977_6609241907161557288.dir/0156_jtag_uart_0_gen//nios_system_jtag_uart_0_component_configuration.pl  --do_build_sim=0  ]
Info: jtag_uart_0: Done RTL generation for module 'nios_system_jtag_uart_0'
Info: jtag_uart_0: "nios_system" instantiated altera_avalon_jtag_uart "jtag_uart_0"
Info: keys: Starting RTL generation for module 'nios_system_keys'
Info: keys:   Generation command is [exec C:/users/brock/quartus/quartus/bin64/perl/bin/perl.exe -I C:/users/brock/quartus/quartus/bin64/perl/lib -I C:/users/brock/quartus/quartus/sopc_builder/bin/europa -I C:/users/brock/quartus/quartus/sopc_builder/bin/perl_lib -I C:/users/brock/quartus/quartus/sopc_builder/bin -I C:/users/brock/quartus/quartus/../ip/altera/sopc_builder_ip/common -I C:/users/brock/quartus/quartus/../ip/altera/sopc_builder_ip/altera_avalon_pio -- C:/users/brock/quartus/quartus/../ip/altera/sopc_builder_ip/altera_avalon_pio/generate_rtl.pl --name=nios_system_keys --dir=C:/Users/Brock/AppData/Local/Temp/alt7977_6609241907161557288.dir/0157_keys_gen/ --quartus_dir=C:/users/brock/quartus/quartus --verilog --config=C:/Users/Brock/AppData/Local/Temp/alt7977_6609241907161557288.dir/0157_keys_gen//nios_system_keys_component_configuration.pl  --do_build_sim=0  ]
Info: keys: Done RTL generation for module 'nios_system_keys'
Info: keys: "nios_system" instantiated altera_avalon_pio "keys"
Info: nios2_gen2_0: "nios_system" instantiated altera_nios2_gen2 "nios2_gen2_0"
Info: onchip_memory2_0: Starting RTL generation for module 'nios_system_onchip_memory2_0'
Info: onchip_memory2_0:   Generation command is [exec C:/users/brock/quartus/quartus/bin64/perl/bin/perl.exe -I C:/users/brock/quartus/quartus/bin64/perl/lib -I C:/users/brock/quartus/quartus/sopc_builder/bin/europa -I C:/users/brock/quartus/quartus/sopc_builder/bin/perl_lib -I C:/users/brock/quartus/quartus/sopc_builder/bin -I C:/users/brock/quartus/quartus/../ip/altera/sopc_builder_ip/common -I C:/users/brock/quartus/quartus/../ip/altera/sopc_builder_ip/altera_avalon_onchip_memory2 -- C:/users/brock/quartus/quartus/../ip/altera/sopc_builder_ip/altera_avalon_onchip_memory2/generate_rtl.pl --name=nios_system_onchip_memory2_0 --dir=C:/Users/Brock/AppData/Local/Temp/alt7977_6609241907161557288.dir/0158_onchip_memory2_0_gen/ --quartus_dir=C:/users/brock/quartus/quartus --verilog --config=C:/Users/Brock/AppData/Local/Temp/alt7977_6609241907161557288.dir/0158_onchip_memory2_0_gen//nios_system_onchip_memory2_0_component_configuration.pl  --do_build_sim=0  ]
Info: onchip_memory2_0: Done RTL generation for module 'nios_system_onchip_memory2_0'
Info: onchip_memory2_0: "nios_system" instantiated altera_avalon_onchip_memory2 "onchip_memory2_0"
Info: sdram: Starting RTL generation for module 'nios_system_sdram'
Info: sdram:   Generation command is [exec C:/users/brock/quartus/quartus/bin64/perl/bin/perl.exe -I C:/users/brock/quartus/quartus/bin64/perl/lib -I C:/users/brock/quartus/quartus/sopc_builder/bin/europa -I C:/users/brock/quartus/quartus/sopc_builder/bin/perl_lib -I C:/users/brock/quartus/quartus/sopc_builder/bin -I C:/users/brock/quartus/quartus/../ip/altera/sopc_builder_ip/common -I C:/users/brock/quartus/quartus/../ip/altera/sopc_builder_ip/altera_avalon_new_sdram_controller -- C:/users/brock/quartus/quartus/../ip/altera/sopc_builder_ip/altera_avalon_new_sdram_controller/generate_rtl.pl --name=nios_system_sdram --dir=C:/Users/Brock/AppData/Local/Temp/alt7977_6609241907161557288.dir/0159_sdram_gen/ --quartus_dir=C:/users/brock/quartus/quartus --verilog --config=C:/Users/Brock/AppData/Local/Temp/alt7977_6609241907161557288.dir/0159_sdram_gen//nios_system_sdram_component_configuration.pl  --do_build_sim=0  ]
Info: sdram: Done RTL generation for module 'nios_system_sdram'
Info: sdram: "nios_system" instantiated altera_avalon_new_sdram_controller "sdram"
Info: sdram_pll: "nios_system" instantiated altpll "sdram_pll"
Info: sysid_qsys_0: "nios_system" instantiated altera_avalon_sysid_qsys "sysid_qsys_0"
Info: avalon_st_adapter: Inserting error_adapter: error_adapter_0
Info: avalon_st_adapter_001: Inserting error_adapter: error_adapter_0
Info: avalon_st_adapter_002: Inserting error_adapter: error_adapter_0
Info: avalon_st_adapter_003: Inserting error_adapter: error_adapter_0
Info: avalon_st_adapter_004: Inserting error_adapter: error_adapter_0
Info: avalon_st_adapter_005: Inserting error_adapter: error_adapter_0
Info: avalon_st_adapter_006: Inserting error_adapter: error_adapter_0
Info: avalon_st_adapter_007: Inserting error_adapter: error_adapter_0
Info: mm_interconnect_0: "nios_system" instantiated altera_mm_interconnect "mm_interconnect_0"
Info: irq_mapper: "nios_system" instantiated altera_irq_mapper "irq_mapper"
Info: rst_controller: "nios_system" instantiated altera_reset_controller "rst_controller"
Info: cpu: Starting RTL generation for module 'nios_system_nios2_gen2_0_cpu'
Info: cpu:   Generation command is [exec C:/Users/Brock/Quartus/quartus/bin64//eperlcmd.exe -I C:/Users/Brock/Quartus/quartus/bin64//perl/lib -I C:/users/brock/quartus/quartus/sopc_builder/bin/europa -I C:/users/brock/quartus/quartus/sopc_builder/bin/perl_lib -I C:/users/brock/quartus/quartus/sopc_builder/bin -I C:/users/brock/quartus/quartus/../ip/altera/nios2_ip/altera_nios2_gen2/cpu_lib -I C:/users/brock/quartus/quartus/../ip/altera/nios2_ip/altera_nios2_gen2/nios_lib -I C:/users/brock/quartus/quartus/../ip/altera/nios2_ip/altera_nios2_gen2 -I C:/users/brock/quartus/quartus/../ip/altera/nios2_ip/altera_nios2_gen2 -- C:/users/brock/quartus/quartus/../ip/altera/nios2_ip/altera_nios2_gen2/generate_rtl.epl --name=nios_system_nios2_gen2_0_cpu --dir=C:/Users/Brock/AppData/Local/Temp/alt7977_6609241907161557288.dir/0165_cpu_gen/ --quartus_bindir=C:/Users/Brock/Quartus/quartus/bin64/ --verilog --config=C:/Users/Brock/AppData/Local/Temp/alt7977_6609241907161557288.dir/0165_cpu_gen//nios_system_nios2_gen2_0_cpu_processor_configuration.pl  --do_build_sim=0  ]
Info: cpu: # 2019.03.22 13:54:20 (*) Starting Nios II generation
Info: cpu: # 2019.03.22 13:54:20 (*)   Checking for plaintext license.
Info: cpu: # 2019.03.22 13:54:20 (*)   Couldn't query license setup in Quartus directory C:/Users/Brock/Quartus/quartus/bin64/
Info: cpu: # 2019.03.22 13:54:20 (*)   Defaulting to contents of LM_LICENSE_FILE environment variable
Info: cpu: # 2019.03.22 13:54:20 (*)   LM_LICENSE_FILE environment variable is empty
Info: cpu: # 2019.03.22 13:54:20 (*)   Plaintext license not found.
Info: cpu: # 2019.03.22 13:54:20 (*)   No license required to generate encrypted Nios II/e.
Info: cpu: # 2019.03.22 13:54:20 (*)   Elaborating CPU configuration settings
Info: cpu: # 2019.03.22 13:54:20 (*)   Creating all objects for CPU
Info: cpu: # 2019.03.22 13:54:22 (*)   Generating RTL from CPU objects
Info: cpu: # 2019.03.22 13:54:22 (*)   Creating plain-text RTL
Info: cpu: # 2019.03.22 13:54:23 (*) Done Nios II generation
Info: cpu: Done RTL generation for module 'nios_system_nios2_gen2_0_cpu'
Info: cpu: "nios2_gen2_0" instantiated altera_nios2_gen2_unit "cpu"
Info: nios2_gen2_0_data_master_translator: "mm_interconnect_0" instantiated altera_merlin_master_translator "nios2_gen2_0_data_master_translator"
Info: AES_Decryption_Core_0_AES_Slave_translator: "mm_interconnect_0" instantiated altera_merlin_slave_translator "AES_Decryption_Core_0_AES_Slave_translator"
Info: nios2_gen2_0_data_master_agent: "mm_interconnect_0" instantiated altera_merlin_master_agent "nios2_gen2_0_data_master_agent"
Info: AES_Decryption_Core_0_AES_Slave_agent: "mm_interconnect_0" instantiated altera_merlin_slave_agent "AES_Decryption_Core_0_AES_Slave_agent"
Info: AES_Decryption_Core_0_AES_Slave_agent_rsp_fifo: "mm_interconnect_0" instantiated altera_avalon_sc_fifo "AES_Decryption_Core_0_AES_Slave_agent_rsp_fifo"
Info: router: "mm_interconnect_0" instantiated altera_merlin_router "router"
Info: router_001: "mm_interconnect_0" instantiated altera_merlin_router "router_001"
Info: router_002: "mm_interconnect_0" instantiated altera_merlin_router "router_002"
Info: router_003: "mm_interconnect_0" instantiated altera_merlin_router "router_003"
Info: cmd_demux: "mm_interconnect_0" instantiated altera_merlin_demultiplexer "cmd_demux"
Info: cmd_demux_001: "mm_interconnect_0" instantiated altera_merlin_demultiplexer "cmd_demux_001"
Info: cmd_mux: "mm_interconnect_0" instantiated altera_merlin_multiplexer "cmd_mux"
Info: cmd_mux_001: "mm_interconnect_0" instantiated altera_merlin_multiplexer "cmd_mux_001"
Info: Reusing file C:/Users/Brock/school/ECE385/ece385/Lab9/nios_system/synthesis/submodules/altera_merlin_arbitrator.sv
Info: rsp_demux: "mm_interconnect_0" instantiated altera_merlin_demultiplexer "rsp_demux"
Info: rsp_demux_001: "mm_interconnect_0" instantiated altera_merlin_demultiplexer "rsp_demux_001"
Info: rsp_mux: "mm_interconnect_0" instantiated altera_merlin_multiplexer "rsp_mux"
Info: Reusing file C:/Users/Brock/school/ECE385/ece385/Lab9/nios_system/synthesis/submodules/altera_merlin_arbitrator.sv
Info: rsp_mux_001: "mm_interconnect_0" instantiated altera_merlin_multiplexer "rsp_mux_001"
Info: Reusing file C:/Users/Brock/school/ECE385/ece385/Lab9/nios_system/synthesis/submodules/altera_merlin_arbitrator.sv
Info: crosser: "mm_interconnect_0" instantiated altera_avalon_st_handshake_clock_crosser "crosser"
Info: avalon_st_adapter: "mm_interconnect_0" instantiated altera_avalon_st_adapter "avalon_st_adapter"
Info: error_adapter_0: "avalon_st_adapter" instantiated error_adapter "error_adapter_0"
Info: nios_system: Done "nios_system" with 33 modules, 50 files
Info: qsys-generate succeeded.
Info: Finished: Create HDL design files for synthesis
