Analysis & Synthesis report for lab6_toplevel
Sun Feb 17 09:55:29 2019
Quartus Prime Version 18.0.0 Build 614 04/24/2018 SJ Lite Edition


---------------------
; Table of Contents ;
---------------------
  1. Legal Notice
  2. Analysis & Synthesis Summary
  3. Analysis & Synthesis Settings
  4. Parallel Compilation
  5. Analysis & Synthesis Source Files Read
  6. Analysis & Synthesis Resource Usage Summary
  7. Analysis & Synthesis Resource Utilization by Entity
  8. State Machine - |lab6_toplevel|slc3:my_slc|ISDU:state_controller|State
  9. Registers Removed During Synthesis
 10. General Register Statistics
 11. Multiplexer Restructuring Statistics (Restructuring Performed)
 12. Parameter Settings for User Entity Instance: slc3:my_slc|tristate:tr0
 13. Parameter Settings for User Entity Instance: test_memory:my_test_memory
 14. Parameter Settings for User Entity Instance: test_memory:my_test_memory|memory_parser:parser
 15. Port Connectivity Checks: "slc3:my_slc|Mem2IO:memory_subsystem"
 16. Port Connectivity Checks: "slc3:my_slc|datapath:d0|alu:aluInstance"
 17. Port Connectivity Checks: "slc3:my_slc|datapath:d0|register_unit:regUnitInstance|mux_3bit_2input:SR1MUX"
 18. Port Connectivity Checks: "slc3:my_slc|datapath:d0|register_unit:regUnitInstance|mux_3bit_2input:DRMUX"
 19. Port Connectivity Checks: "slc3:my_slc|datapath:d0|register_unit:regUnitInstance"
 20. Port Connectivity Checks: "slc3:my_slc|datapath:d0|mux_16bit_2input:ADDR1MUXinstance"
 21. Port Connectivity Checks: "slc3:my_slc|datapath:d0|mux_16bit_4input:ADDR2MUXinstance"
 22. Port Connectivity Checks: "slc3:my_slc|datapath:d0|mux_16bit_4input:PCMUXinstance"
 23. Port Connectivity Checks: "slc3:my_slc|datapath:d0|reg16:IR"
 24. Port Connectivity Checks: "slc3:my_slc|datapath:d0"
 25. Post-Synthesis Netlist Statistics for Top Partition
 26. Elapsed Time Per Partition
 27. Analysis & Synthesis Messages



----------------
; Legal Notice ;
----------------
Copyright (C) 2018  Intel Corporation. All rights reserved.
Your use of Intel Corporation's design tools, logic functions 
and other software and tools, and its AMPP partner logic 
functions, and any output files from any of the foregoing 
(including device programming or simulation files), and any 
associated documentation or information are expressly subject 
to the terms and conditions of the Intel Program License 
Subscription Agreement, the Intel Quartus Prime License Agreement,
the Intel FPGA IP License Agreement, or other applicable license
agreement, including, without limitation, that your use is for
the sole purpose of programming logic devices manufactured by
Intel and sold by Intel or its authorized distributors.  Please
refer to the applicable agreement for further details.



+----------------------------------------------------------------------------------+
; Analysis & Synthesis Summary                                                     ;
+------------------------------------+---------------------------------------------+
; Analysis & Synthesis Status        ; Successful - Sun Feb 17 09:55:29 2019       ;
; Quartus Prime Version              ; 18.0.0 Build 614 04/24/2018 SJ Lite Edition ;
; Revision Name                      ; lab6_toplevel                               ;
; Top-level Entity Name              ; lab6_toplevel                               ;
; Family                             ; Cyclone IV E                                ;
; Total logic elements               ; 9                                           ;
;     Total combinational functions  ; 9                                           ;
;     Dedicated logic registers      ; 7                                           ;
; Total registers                    ; 7                                           ;
; Total pins                         ; 129                                         ;
; Total virtual pins                 ; 0                                           ;
; Total memory bits                  ; 0                                           ;
; Embedded Multiplier 9-bit elements ; 0                                           ;
; Total PLLs                         ; 0                                           ;
+------------------------------------+---------------------------------------------+


+------------------------------------------------------------------------------------------------------------+
; Analysis & Synthesis Settings                                                                              ;
+------------------------------------------------------------------+--------------------+--------------------+
; Option                                                           ; Setting            ; Default Value      ;
+------------------------------------------------------------------+--------------------+--------------------+
; Device                                                           ; EP4CE115F29C7      ;                    ;
; Top-level entity name                                            ; lab6_toplevel      ; lab6_toplevel      ;
; Family name                                                      ; Cyclone IV E       ; Cyclone V          ;
; Use smart compilation                                            ; Off                ; Off                ;
; Enable parallel Assembler and Timing Analyzer during compilation ; On                 ; On                 ;
; Enable compact report table                                      ; Off                ; Off                ;
; Restructure Multiplexers                                         ; Auto               ; Auto               ;
; Create Debugging Nodes for IP Cores                              ; Off                ; Off                ;
; Preserve fewer node names                                        ; On                 ; On                 ;
; Intel FPGA IP Evaluation Mode                                    ; Enable             ; Enable             ;
; Verilog Version                                                  ; Verilog_2001       ; Verilog_2001       ;
; VHDL Version                                                     ; VHDL_1993          ; VHDL_1993          ;
; State Machine Processing                                         ; Auto               ; Auto               ;
; Safe State Machine                                               ; Off                ; Off                ;
; Extract Verilog State Machines                                   ; On                 ; On                 ;
; Extract VHDL State Machines                                      ; On                 ; On                 ;
; Ignore Verilog initial constructs                                ; Off                ; Off                ;
; Iteration limit for constant Verilog loops                       ; 5000               ; 5000               ;
; Iteration limit for non-constant Verilog loops                   ; 250                ; 250                ;
; Add Pass-Through Logic to Inferred RAMs                          ; On                 ; On                 ;
; Infer RAMs from Raw Logic                                        ; On                 ; On                 ;
; Parallel Synthesis                                               ; On                 ; On                 ;
; DSP Block Balancing                                              ; Auto               ; Auto               ;
; NOT Gate Push-Back                                               ; On                 ; On                 ;
; Power-Up Don't Care                                              ; On                 ; On                 ;
; Remove Redundant Logic Cells                                     ; Off                ; Off                ;
; Remove Duplicate Registers                                       ; On                 ; On                 ;
; Ignore CARRY Buffers                                             ; Off                ; Off                ;
; Ignore CASCADE Buffers                                           ; Off                ; Off                ;
; Ignore GLOBAL Buffers                                            ; Off                ; Off                ;
; Ignore ROW GLOBAL Buffers                                        ; Off                ; Off                ;
; Ignore LCELL Buffers                                             ; Off                ; Off                ;
; Ignore SOFT Buffers                                              ; On                 ; On                 ;
; Limit AHDL Integers to 32 Bits                                   ; Off                ; Off                ;
; Optimization Technique                                           ; Balanced           ; Balanced           ;
; Carry Chain Length                                               ; 70                 ; 70                 ;
; Auto Carry Chains                                                ; On                 ; On                 ;
; Auto Open-Drain Pins                                             ; On                 ; On                 ;
; Perform WYSIWYG Primitive Resynthesis                            ; Off                ; Off                ;
; Auto ROM Replacement                                             ; On                 ; On                 ;
; Auto RAM Replacement                                             ; On                 ; On                 ;
; Auto DSP Block Replacement                                       ; On                 ; On                 ;
; Auto Shift Register Replacement                                  ; Auto               ; Auto               ;
; Allow Shift Register Merging across Hierarchies                  ; Auto               ; Auto               ;
; Auto Clock Enable Replacement                                    ; On                 ; On                 ;
; Strict RAM Replacement                                           ; Off                ; Off                ;
; Allow Synchronous Control Signals                                ; On                 ; On                 ;
; Force Use of Synchronous Clear Signals                           ; Off                ; Off                ;
; Auto RAM Block Balancing                                         ; On                 ; On                 ;
; Auto RAM to Logic Cell Conversion                                ; Off                ; Off                ;
; Auto Resource Sharing                                            ; Off                ; Off                ;
; Allow Any RAM Size For Recognition                               ; Off                ; Off                ;
; Allow Any ROM Size For Recognition                               ; Off                ; Off                ;
; Allow Any Shift Register Size For Recognition                    ; Off                ; Off                ;
; Use LogicLock Constraints during Resource Balancing              ; On                 ; On                 ;
; Ignore translate_off and synthesis_off directives                ; Off                ; Off                ;
; Timing-Driven Synthesis                                          ; On                 ; On                 ;
; Report Parameter Settings                                        ; On                 ; On                 ;
; Report Source Assignments                                        ; On                 ; On                 ;
; Report Connectivity Checks                                       ; On                 ; On                 ;
; Ignore Maximum Fan-Out Assignments                               ; Off                ; Off                ;
; Synchronization Register Chain Length                            ; 2                  ; 2                  ;
; Power Optimization During Synthesis                              ; Normal compilation ; Normal compilation ;
; HDL message level                                                ; Level2             ; Level2             ;
; Suppress Register Optimization Related Messages                  ; Off                ; Off                ;
; Number of Removed Registers Reported in Synthesis Report         ; 5000               ; 5000               ;
; Number of Swept Nodes Reported in Synthesis Report               ; 5000               ; 5000               ;
; Number of Inverted Registers Reported in Synthesis Report        ; 100                ; 100                ;
; Clock MUX Protection                                             ; On                 ; On                 ;
; Auto Gated Clock Conversion                                      ; Off                ; Off                ;
; Block Design Naming                                              ; Auto               ; Auto               ;
; SDC constraint protection                                        ; Off                ; Off                ;
; Synthesis Effort                                                 ; Auto               ; Auto               ;
; Shift Register Replacement - Allow Asynchronous Clear Signal     ; On                 ; On                 ;
; Pre-Mapping Resynthesis Optimization                             ; Off                ; Off                ;
; Analysis & Synthesis Message Level                               ; Medium             ; Medium             ;
; Disable Register Merging Across Hierarchies                      ; Auto               ; Auto               ;
; Resource Aware Inference For Block RAM                           ; On                 ; On                 ;
+------------------------------------------------------------------+--------------------+--------------------+


+------------------------------------------+
; Parallel Compilation                     ;
+----------------------------+-------------+
; Processors                 ; Number      ;
+----------------------------+-------------+
; Number detected on machine ; 16          ;
; Maximum allowed            ; 16          ;
;                            ;             ;
; Average used               ; 1.00        ;
; Maximum used               ; 16          ;
;                            ;             ;
; Usage by Processor         ; % Time Used ;
;     Processor 1            ; 100.0%      ;
;     Processors 2-16        ;   0.0%      ;
+----------------------------+-------------+


+------------------------------------------------------------------------------------------------------------------------------------------------------------------+
; Analysis & Synthesis Source Files Read                                                                                                                           ;
+----------------------------------+-----------------+------------------------------+--------------------------------------------------------------------+---------+
; File Name with User-Entered Path ; Used in Netlist ; File Type                    ; File Name with Absolute Path                                       ; Library ;
+----------------------------------+-----------------+------------------------------+--------------------------------------------------------------------+---------+
; tristate.sv                      ; yes             ; User SystemVerilog HDL File  ; C:/Users/Brock/School/ECE385/GitLab/ece385/Lab6/tristate.sv        ;         ;
; test_memory.sv                   ; yes             ; User SystemVerilog HDL File  ; C:/Users/Brock/School/ECE385/GitLab/ece385/Lab6/test_memory.sv     ;         ;
; SLC3_2.sv                        ; yes             ; User SystemVerilog HDL File  ; C:/Users/Brock/School/ECE385/GitLab/ece385/Lab6/SLC3_2.sv          ;         ;
; slc3.sv                          ; yes             ; User SystemVerilog HDL File  ; C:/Users/Brock/School/ECE385/GitLab/ece385/Lab6/slc3.sv            ;         ;
; memory_contents.sv               ; yes             ; User SystemVerilog HDL File  ; C:/Users/Brock/School/ECE385/GitLab/ece385/Lab6/memory_contents.sv ;         ;
; Mem2IO.sv                        ; yes             ; User SystemVerilog HDL File  ; C:/Users/Brock/School/ECE385/GitLab/ece385/Lab6/Mem2IO.sv          ;         ;
; lab6_toplevel.sv                 ; yes             ; User SystemVerilog HDL File  ; C:/Users/Brock/School/ECE385/GitLab/ece385/Lab6/lab6_toplevel.sv   ;         ;
; ISDU.sv                          ; yes             ; User SystemVerilog HDL File  ; C:/Users/Brock/School/ECE385/GitLab/ece385/Lab6/ISDU.sv            ;         ;
; mux.sv                           ; yes             ; User SystemVerilog HDL File  ; C:/Users/Brock/School/ECE385/GitLab/ece385/Lab6/mux.sv             ;         ;
; register.sv                      ; yes             ; User SystemVerilog HDL File  ; C:/Users/Brock/School/ECE385/GitLab/ece385/Lab6/register.sv        ;         ;
; datapath.sv                      ; yes             ; User SystemVerilog HDL File  ; C:/Users/Brock/School/ECE385/GitLab/ece385/Lab6/datapath.sv        ;         ;
; register_unit.sv                 ; yes             ; User SystemVerilog HDL File  ; C:/Users/Brock/School/ECE385/GitLab/ece385/Lab6/register_unit.sv   ;         ;
; ALU.sv                           ; yes             ; User SystemVerilog HDL File  ; C:/Users/Brock/School/ECE385/GitLab/ece385/Lab6/ALU.sv             ;         ;
; BEN.sv                           ; yes             ; User SystemVerilog HDL File  ; C:/Users/Brock/School/ECE385/GitLab/ece385/Lab6/BEN.sv             ;         ;
; EXT.sv                           ; yes             ; User SystemVerilog HDL File  ; C:/Users/Brock/School/ECE385/GitLab/ece385/Lab6/EXT.sv             ;         ;
; HexDriver.sv                     ; yes             ; User SystemVerilog HDL File  ; C:/Users/Brock/School/ECE385/GitLab/ece385/Lab6/HexDriver.sv       ;         ;
+----------------------------------+-----------------+------------------------------+--------------------------------------------------------------------+---------+


+-----------------------------------------------------------+
; Analysis & Synthesis Resource Usage Summary               ;
+---------------------------------------------+-------------+
; Resource                                    ; Usage       ;
+---------------------------------------------+-------------+
; Estimated Total logic elements              ; 9           ;
;                                             ;             ;
; Total combinational functions               ; 9           ;
; Logic element usage by number of LUT inputs ;             ;
;     -- 4 input functions                    ; 3           ;
;     -- 3 input functions                    ; 1           ;
;     -- <=2 input functions                  ; 5           ;
;                                             ;             ;
; Logic elements by mode                      ;             ;
;     -- normal mode                          ; 9           ;
;     -- arithmetic mode                      ; 0           ;
;                                             ;             ;
; Total registers                             ; 7           ;
;     -- Dedicated logic registers            ; 7           ;
;     -- I/O registers                        ; 0           ;
;                                             ;             ;
; I/O pins                                    ; 129         ;
;                                             ;             ;
; Embedded Multiplier 9-bit elements          ; 0           ;
;                                             ;             ;
; Maximum fan-out node                        ; Reset~input ;
; Maximum fan-out                             ; 7           ;
; Total fan-out                               ; 185         ;
; Average fan-out                             ; 0.64        ;
+---------------------------------------------+-------------+


+--------------------------------------------------------------------------------------------------------------------------------------------------------------------------------------------------------------------------------------------+
; Analysis & Synthesis Resource Utilization by Entity                                                                                                                                                                                        ;
+-------------------------------+---------------------+---------------------------+-------------+--------------+---------+-----------+------+--------------+--------------------------------------------------+---------------+--------------+
; Compilation Hierarchy Node    ; Combinational ALUTs ; Dedicated Logic Registers ; Memory Bits ; DSP Elements ; DSP 9x9 ; DSP 18x18 ; Pins ; Virtual Pins ; Full Hierarchy Name                              ; Entity Name   ; Library Name ;
+-------------------------------+---------------------+---------------------------+-------------+--------------+---------+-----------+------+--------------+--------------------------------------------------+---------------+--------------+
; |lab6_toplevel                ; 9 (0)               ; 7 (0)                     ; 0           ; 0            ; 0       ; 0         ; 129  ; 0            ; |lab6_toplevel                                   ; lab6_toplevel ; work         ;
;    |slc3:my_slc|              ; 9 (0)               ; 7 (0)                     ; 0           ; 0            ; 0       ; 0         ; 0    ; 0            ; |lab6_toplevel|slc3:my_slc                       ; slc3          ; work         ;
;       |ISDU:state_controller| ; 9 (9)               ; 7 (7)                     ; 0           ; 0            ; 0       ; 0         ; 0    ; 0            ; |lab6_toplevel|slc3:my_slc|ISDU:state_controller ; ISDU          ; work         ;
+-------------------------------+---------------------+---------------------------+-------------+--------------+---------+-----------+------+--------------+--------------------------------------------------+---------------+--------------+
Note: For table entries with two numbers listed, the numbers in parentheses indicate the number of resources of the given type used by the specific entity alone. The numbers listed outside of parentheses indicate the total resources of the given type used by the specific entity and all of its sub-entities in the hierarchy.


Encoding Type:  One-Hot
+---------------------------------------------------------------------------------------------------------------------------------------------------+
; State Machine - |lab6_toplevel|slc3:my_slc|ISDU:state_controller|State                                                                            ;
+----------------+------------+------------+--------------+--------------+------------+----------------+----------------+--------------+------------+
; Name           ; State.S_32 ; State.S_35 ; State.S_33_2 ; State.S_33_1 ; State.S_18 ; State.PauseIR2 ; State.PauseIR1 ; State.Halted ; State.S_01 ;
+----------------+------------+------------+--------------+--------------+------------+----------------+----------------+--------------+------------+
; State.Halted   ; 0          ; 0          ; 0            ; 0            ; 0          ; 0              ; 0              ; 0            ; 0          ;
; State.PauseIR1 ; 0          ; 0          ; 0            ; 0            ; 0          ; 0              ; 1              ; 1            ; 0          ;
; State.PauseIR2 ; 0          ; 0          ; 0            ; 0            ; 0          ; 1              ; 0              ; 1            ; 0          ;
; State.S_18     ; 0          ; 0          ; 0            ; 0            ; 1          ; 0              ; 0              ; 1            ; 0          ;
; State.S_33_1   ; 0          ; 0          ; 0            ; 1            ; 0          ; 0              ; 0              ; 1            ; 0          ;
; State.S_33_2   ; 0          ; 0          ; 1            ; 0            ; 0          ; 0              ; 0              ; 1            ; 0          ;
; State.S_35     ; 0          ; 1          ; 0            ; 0            ; 0          ; 0              ; 0              ; 1            ; 0          ;
; State.S_32     ; 1          ; 0          ; 0            ; 0            ; 0          ; 0              ; 0              ; 1            ; 0          ;
; State.S_01     ; 0          ; 0          ; 0            ; 0            ; 0          ; 0              ; 0              ; 1            ; 1          ;
+----------------+------------+------------+--------------+--------------+------------+----------------+----------------+--------------+------------+


+--------------------------------------------------------------------------------------------+
; Registers Removed During Synthesis                                                         ;
+---------------------------------------------------+----------------------------------------+
; Register name                                     ; Reason for Removal                     ;
+---------------------------------------------------+----------------------------------------+
; slc3:my_slc|tristate:tr0|Data_write_buffer[0..15] ; Stuck at GND due to stuck port data_in ;
; slc3:my_slc|ISDU:state_controller|State.S_32      ; Lost fanout                            ;
; slc3:my_slc|ISDU:state_controller|State.S_01      ; Lost fanout                            ;
; slc3:my_slc|ISDU:state_controller|State~2         ; Lost fanout                            ;
; slc3:my_slc|ISDU:state_controller|State~3         ; Lost fanout                            ;
; slc3:my_slc|ISDU:state_controller|State~4         ; Lost fanout                            ;
; Total Number of Removed Registers = 21            ;                                        ;
+---------------------------------------------------+----------------------------------------+


+------------------------------------------------------+
; General Register Statistics                          ;
+----------------------------------------------+-------+
; Statistic                                    ; Value ;
+----------------------------------------------+-------+
; Total registers                              ; 7     ;
; Number of registers using Synchronous Clear  ; 0     ;
; Number of registers using Synchronous Load   ; 0     ;
; Number of registers using Asynchronous Clear ; 0     ;
; Number of registers using Asynchronous Load  ; 0     ;
; Number of registers using Clock Enable       ; 0     ;
; Number of registers using Preset             ; 0     ;
+----------------------------------------------+-------+


+----------------------------------------------------------------------------------------------------------------------------------------------------------------------+
; Multiplexer Restructuring Statistics (Restructuring Performed)                                                                                                       ;
+--------------------+-----------+---------------+----------------------+------------------------+------------+--------------------------------------------------------+
; Multiplexer Inputs ; Bus Width ; Baseline Area ; Area if Restructured ; Saving if Restructured ; Registered ; Example Multiplexer Output                             ;
+--------------------+-----------+---------------+----------------------+------------------------+------------+--------------------------------------------------------+
; 4:1                ; 2 bits    ; 4 LEs         ; 4 LEs                ; 0 LEs                  ; No         ; |lab6_toplevel|slc3:my_slc|ISDU:state_controller|State ;
+--------------------+-----------+---------------+----------------------+------------------------+------------+--------------------------------------------------------+


+-----------------------------------------------------------------------+
; Parameter Settings for User Entity Instance: slc3:my_slc|tristate:tr0 ;
+----------------+-------+----------------------------------------------+
; Parameter Name ; Value ; Type                                         ;
+----------------+-------+----------------------------------------------+
; N              ; 16    ; Signed Integer                               ;
+----------------+-------+----------------------------------------------+
Note: In order to hide this table in the UI and the text report file, please set the "Show Parameter Settings in Synthesis Report" option in "Analysis and Synthesis Settings -> More Settings" to "Off".


+-------------------------------------------------------------------------+
; Parameter Settings for User Entity Instance: test_memory:my_test_memory ;
+----------------+-------+------------------------------------------------+
; Parameter Name ; Value ; Type                                           ;
+----------------+-------+------------------------------------------------+
; size           ; 256   ; Signed Integer                                 ;
; init_external  ; 0     ; Signed Integer                                 ;
+----------------+-------+------------------------------------------------+
Note: In order to hide this table in the UI and the text report file, please set the "Show Parameter Settings in Synthesis Report" option in "Analysis and Synthesis Settings -> More Settings" to "Off".


+----------------------------------------------------------------------------------------------+
; Parameter Settings for User Entity Instance: test_memory:my_test_memory|memory_parser:parser ;
+----------------+-------+---------------------------------------------------------------------+
; Parameter Name ; Value ; Type                                                                ;
+----------------+-------+---------------------------------------------------------------------+
; size           ; 256   ; Signed Integer                                                      ;
+----------------+-------+---------------------------------------------------------------------+
Note: In order to hide this table in the UI and the text report file, please set the "Show Parameter Settings in Synthesis Report" option in "Analysis and Synthesis Settings -> More Settings" to "Off".


+------------------------------------------------------------------------------------------------------------------------+
; Port Connectivity Checks: "slc3:my_slc|Mem2IO:memory_subsystem"                                                        ;
+--------------+--------+----------+-------------------------------------------------------------------------------------+
; Port         ; Type   ; Severity ; Details                                                                             ;
+--------------+--------+----------+-------------------------------------------------------------------------------------+
; ADDR[19..16] ; Input  ; Info     ; Stuck at GND                                                                        ;
; HEX0         ; Output ; Info     ; Connected to dangling logic. Logic that only feeds a dangling port will be removed. ;
; HEX1         ; Output ; Info     ; Connected to dangling logic. Logic that only feeds a dangling port will be removed. ;
; HEX2         ; Output ; Info     ; Connected to dangling logic. Logic that only feeds a dangling port will be removed. ;
; HEX3         ; Output ; Info     ; Connected to dangling logic. Logic that only feeds a dangling port will be removed. ;
+--------------+--------+----------+-------------------------------------------------------------------------------------+


+-----------------------------------------------------------------------------------------------------------------------------------------------------------------------+
; Port Connectivity Checks: "slc3:my_slc|datapath:d0|alu:aluInstance"                                                                                                   ;
+------+-------+----------+---------------------------------------------------------------------------------------------------------------------------------------------+
; Port ; Type  ; Severity ; Details                                                                                                                                     ;
+------+-------+----------+---------------------------------------------------------------------------------------------------------------------------------------------+
; A    ; Input ; Warning  ; Input port expression (1 bits) is smaller than the input port (16 bits) it drives.  Extra input bit(s) "A[15..1]" will be connected to GND. ;
+------+-------+----------+---------------------------------------------------------------------------------------------------------------------------------------------+


+---------------------------------------------------------------------------------------------------------------------------------------------------+
; Port Connectivity Checks: "slc3:my_slc|datapath:d0|register_unit:regUnitInstance|mux_3bit_2input:SR1MUX"                                          ;
+------+--------+----------+------------------------------------------------------------------------------------------------------------------------+
; Port ; Type   ; Severity ; Details                                                                                                                ;
+------+--------+----------+------------------------------------------------------------------------------------------------------------------------+
; out  ; Output ; Warning  ; Output or bidir port (3 bits) is wider than the port expression (1 bits) it drives; bit(s) "out[2..1]" have no fanouts ;
; out  ; Output ; Info     ; Connected to dangling logic. Logic that only feeds a dangling port will be removed.                                    ;
+------+--------+----------+------------------------------------------------------------------------------------------------------------------------+


+---------------------------------------------------------------------------------------------------------+
; Port Connectivity Checks: "slc3:my_slc|datapath:d0|register_unit:regUnitInstance|mux_3bit_2input:DRMUX" ;
+------+-------+----------+-------------------------------------------------------------------------------+
; Port ; Type  ; Severity ; Details                                                                       ;
+------+-------+----------+-------------------------------------------------------------------------------+
; In0  ; Input ; Info     ; Stuck at VCC                                                                  ;
+------+-------+----------+-------------------------------------------------------------------------------+


+-------------------------------------------------------------------------------------------------------------------+
; Port Connectivity Checks: "slc3:my_slc|datapath:d0|register_unit:regUnitInstance"                                 ;
+---------+--------+----------+-------------------------------------------------------------------------------------+
; Port    ; Type   ; Severity ; Details                                                                             ;
+---------+--------+----------+-------------------------------------------------------------------------------------+
; SR2     ; Input  ; Info     ; Explicitly unconnected                                                              ;
; SR1_out ; Output ; Info     ; Connected to dangling logic. Logic that only feeds a dangling port will be removed. ;
+---------+--------+----------+-------------------------------------------------------------------------------------+


+-------------------------------------------------------------------------------------------------------------------------------------------------------------------------+
; Port Connectivity Checks: "slc3:my_slc|datapath:d0|mux_16bit_2input:ADDR1MUXinstance"                                                                                   ;
+------+-------+----------+-----------------------------------------------------------------------------------------------------------------------------------------------+
; Port ; Type  ; Severity ; Details                                                                                                                                       ;
+------+-------+----------+-----------------------------------------------------------------------------------------------------------------------------------------------+
; In1  ; Input ; Warning  ; Input port expression (1 bits) is smaller than the input port (16 bits) it drives.  Extra input bit(s) "In1[15..1]" will be connected to GND. ;
+------+-------+----------+-----------------------------------------------------------------------------------------------------------------------------------------------+


+---------------------------------------------------------------------------------------+
; Port Connectivity Checks: "slc3:my_slc|datapath:d0|mux_16bit_4input:ADDR2MUXinstance" ;
+------+-------+----------+-------------------------------------------------------------+
; Port ; Type  ; Severity ; Details                                                     ;
+------+-------+----------+-------------------------------------------------------------+
; In3  ; Input ; Info     ; Stuck at GND                                                ;
+------+-------+----------+-------------------------------------------------------------+


+---------------------------------------------------------------------------------------------------------------------------------------------------------------------------------------------------------------+
; Port Connectivity Checks: "slc3:my_slc|datapath:d0|mux_16bit_4input:PCMUXinstance"                                                                                                                            ;
+------+-------+----------+-------------------------------------------------------------------------------------------------------------------------------------------------------------------------------------+
; Port ; Type  ; Severity ; Details                                                                                                                                                                             ;
+------+-------+----------+-------------------------------------------------------------------------------------------------------------------------------------------------------------------------------------+
; In2  ; Input ; Warning  ; Input port expression (32 bits) is wider than the input port (16 bits) it drives.  The 16 most-significant bit(s) in the expression will be dangling if they have no other fanouts. ;
; In3  ; Input ; Info     ; Explicitly unconnected                                                                                                                                                              ;
+------+-------+----------+-------------------------------------------------------------------------------------------------------------------------------------------------------------------------------------+


+------------------------------------------------------------------------------------------------------------------------+
; Port Connectivity Checks: "slc3:my_slc|datapath:d0|reg16:IR"                                                           ;
+--------------+--------+----------+-------------------------------------------------------------------------------------+
; Port         ; Type   ; Severity ; Details                                                                             ;
+--------------+--------+----------+-------------------------------------------------------------------------------------+
; dout[15..12] ; Output ; Info     ; Connected to dangling logic. Logic that only feeds a dangling port will be removed. ;
+--------------+--------+----------+-------------------------------------------------------------------------------------+


+--------------------------------------------------------+
; Port Connectivity Checks: "slc3:my_slc|datapath:d0"    ;
+-----------+--------+----------+------------------------+
; Port      ; Type   ; Severity ; Details                ;
+-----------+--------+----------+------------------------+
; MEMIO     ; Input  ; Info     ; Stuck at VCC           ;
; SRAM_ADDR ; Output ; Info     ; Explicitly unconnected ;
+-----------+--------+----------+------------------------+


+-----------------------------------------------------+
; Post-Synthesis Netlist Statistics for Top Partition ;
+-----------------------+-----------------------------+
; Type                  ; Count                       ;
+-----------------------+-----------------------------+
; boundary_port         ; 129                         ;
; cycloneiii_ff         ; 7                           ;
;     plain             ; 7                           ;
; cycloneiii_io_obuf    ; 16                          ;
; cycloneiii_lcell_comb ; 12                          ;
;     normal            ; 12                          ;
;         0 data inputs ; 2                           ;
;         1 data inputs ; 1                           ;
;         2 data inputs ; 5                           ;
;         3 data inputs ; 1                           ;
;         4 data inputs ; 3                           ;
;                       ;                             ;
; Max LUT depth         ; 2.00                        ;
; Average LUT depth     ; 0.77                        ;
+-----------------------+-----------------------------+


+-------------------------------+
; Elapsed Time Per Partition    ;
+----------------+--------------+
; Partition Name ; Elapsed Time ;
+----------------+--------------+
; Top            ; 00:00:01     ;
+----------------+--------------+


+-------------------------------+
; Analysis & Synthesis Messages ;
+-------------------------------+
Info: *******************************************************************
Info: Running Quartus Prime Analysis & Synthesis
    Info: Version 18.0.0 Build 614 04/24/2018 SJ Lite Edition
    Info: Processing started: Sun Feb 17 09:55:17 2019
Info: Command: quartus_map --read_settings_files=on --write_settings_files=off LC3 -c lab6_toplevel
Warning (18236): Number of processors has not been specified which may cause overloading on shared machines.  Set the global assignment NUM_PARALLEL_PROCESSORS in your QSF to an appropriate value for best performance.
Info (20030): Parallel compilation is enabled and will use 16 of the 16 processors detected
Info (12021): Found 1 design units, including 1 entities, in source file tristate.sv
    Info (12023): Found entity 1: tristate File: C:/Users/Brock/School/ECE385/GitLab/ece385/Lab6/tristate.sv Line: 16
Info (12021): Found 1 design units, including 1 entities, in source file test_memory.sv
    Info (12023): Found entity 1: test_memory File: C:/Users/Brock/School/ECE385/GitLab/ece385/Lab6/test_memory.sv Line: 22
Info (12021): Found 1 design units, including 0 entities, in source file slc3_2.sv
    Info (12022): Found design unit 1: SLC3_2 (SystemVerilog) File: C:/Users/Brock/School/ECE385/GitLab/ece385/Lab6/SLC3_2.sv Line: 24
Info (12021): Found 1 design units, including 1 entities, in source file slc3.sv
    Info (12023): Found entity 1: slc3 File: C:/Users/Brock/School/ECE385/GitLab/ece385/Lab6/slc3.sv Line: 19
Info (12021): Found 1 design units, including 1 entities, in source file memory_contents.sv
    Info (12023): Found entity 1: memory_parser File: C:/Users/Brock/School/ECE385/GitLab/ece385/Lab6/memory_contents.sv Line: 16
Info (12021): Found 1 design units, including 1 entities, in source file mem2io.sv
    Info (12023): Found entity 1: Mem2IO File: C:/Users/Brock/School/ECE385/GitLab/ece385/Lab6/Mem2IO.sv Line: 16
Info (12021): Found 1 design units, including 1 entities, in source file lab6_toplevel.sv
    Info (12023): Found entity 1: lab6_toplevel File: C:/Users/Brock/School/ECE385/GitLab/ece385/Lab6/lab6_toplevel.sv Line: 10
Info (12021): Found 1 design units, including 1 entities, in source file isdu.sv
    Info (12023): Found entity 1: ISDU File: C:/Users/Brock/School/ECE385/GitLab/ece385/Lab6/ISDU.sv Line: 19
Info (12021): Found 3 design units, including 3 entities, in source file adders.sv
    Info (12023): Found entity 1: FullAdder File: C:/Users/Brock/School/ECE385/GitLab/ece385/Lab6/adders.sv Line: 1
    Info (12023): Found entity 2: RippleCarryAdder8bit File: C:/Users/Brock/School/ECE385/GitLab/ece385/Lab6/adders.sv Line: 20
    Info (12023): Found entity 3: RippleCarrySubtractor8bit File: C:/Users/Brock/School/ECE385/GitLab/ece385/Lab6/adders.sv Line: 43
Info (12021): Found 4 design units, including 4 entities, in source file mux.sv
    Info (12023): Found entity 1: mux_16bit_2input File: C:/Users/Brock/School/ECE385/GitLab/ece385/Lab6/mux.sv Line: 1
    Info (12023): Found entity 2: mux_16bit_4input File: C:/Users/Brock/School/ECE385/GitLab/ece385/Lab6/mux.sv Line: 22
    Info (12023): Found entity 3: mux_3bit_2input File: C:/Users/Brock/School/ECE385/GitLab/ece385/Lab6/mux.sv Line: 46
    Info (12023): Found entity 4: bus_mux File: C:/Users/Brock/School/ECE385/GitLab/ece385/Lab6/mux.sv Line: 66
Info (12021): Found 1 design units, including 1 entities, in source file register.sv
    Info (12023): Found entity 1: reg16 File: C:/Users/Brock/School/ECE385/GitLab/ece385/Lab6/register.sv Line: 1
Info (12021): Found 1 design units, including 1 entities, in source file datapath.sv
    Info (12023): Found entity 1: datapath File: C:/Users/Brock/School/ECE385/GitLab/ece385/Lab6/datapath.sv Line: 1
Info (12021): Found 1 design units, including 1 entities, in source file register_unit.sv
    Info (12023): Found entity 1: register_unit File: C:/Users/Brock/School/ECE385/GitLab/ece385/Lab6/register_unit.sv Line: 1
Info (12021): Found 1 design units, including 1 entities, in source file alu.sv
    Info (12023): Found entity 1: alu File: C:/Users/Brock/School/ECE385/GitLab/ece385/Lab6/ALU.sv Line: 1
Info (12021): Found 1 design units, including 1 entities, in source file ben.sv
    Info (12023): Found entity 1: BEN_block File: C:/Users/Brock/School/ECE385/GitLab/ece385/Lab6/BEN.sv Line: 1
Info (12021): Found 5 design units, including 5 entities, in source file ext.sv
    Info (12023): Found entity 1: SEXT10 File: C:/Users/Brock/School/ECE385/GitLab/ece385/Lab6/EXT.sv Line: 1
    Info (12023): Found entity 2: SEXT8 File: C:/Users/Brock/School/ECE385/GitLab/ece385/Lab6/EXT.sv Line: 12
    Info (12023): Found entity 3: SEXT5 File: C:/Users/Brock/School/ECE385/GitLab/ece385/Lab6/EXT.sv Line: 23
    Info (12023): Found entity 4: SEXT4 File: C:/Users/Brock/School/ECE385/GitLab/ece385/Lab6/EXT.sv Line: 34
    Info (12023): Found entity 5: ZEXT16 File: C:/Users/Brock/School/ECE385/GitLab/ece385/Lab6/EXT.sv Line: 45
Info (12021): Found 1 design units, including 1 entities, in source file hexdriver.sv
    Info (12023): Found entity 1: HexDriver File: C:/Users/Brock/School/ECE385/GitLab/ece385/Lab6/HexDriver.sv Line: 1
Warning (10236): Verilog HDL Implicit Net warning at datapath.sv(52): created implicit net for "LDPC" File: C:/Users/Brock/School/ECE385/GitLab/ece385/Lab6/datapath.sv Line: 52
Warning (10236): Verilog HDL Implicit Net warning at datapath.sv(62): created implicit net for "LDIR" File: C:/Users/Brock/School/ECE385/GitLab/ece385/Lab6/datapath.sv Line: 62
Warning (10236): Verilog HDL Implicit Net warning at datapath.sv(107): created implicit net for "SR1OUT" File: C:/Users/Brock/School/ECE385/GitLab/ece385/Lab6/datapath.sv Line: 107
Warning (10236): Verilog HDL Implicit Net warning at datapath.sv(117): created implicit net for "DR" File: C:/Users/Brock/School/ECE385/GitLab/ece385/Lab6/datapath.sv Line: 117
Warning (10236): Verilog HDL Implicit Net warning at datapath.sv(118): created implicit net for "LDREG" File: C:/Users/Brock/School/ECE385/GitLab/ece385/Lab6/datapath.sv Line: 118
Warning (10236): Verilog HDL Implicit Net warning at datapath.sv(155): created implicit net for "LDCC" File: C:/Users/Brock/School/ECE385/GitLab/ece385/Lab6/datapath.sv Line: 155
Warning (10236): Verilog HDL Implicit Net warning at datapath.sv(157): created implicit net for "LDBEN" File: C:/Users/Brock/School/ECE385/GitLab/ece385/Lab6/datapath.sv Line: 157
Warning (10236): Verilog HDL Implicit Net warning at datapath.sv(184): created implicit net for "LDMDR" File: C:/Users/Brock/School/ECE385/GitLab/ece385/Lab6/datapath.sv Line: 184
Warning (10236): Verilog HDL Implicit Net warning at datapath.sv(194): created implicit net for "LDMAR" File: C:/Users/Brock/School/ECE385/GitLab/ece385/Lab6/datapath.sv Line: 194
Warning (10236): Verilog HDL Implicit Net warning at register_unit.sv(33): created implicit net for "SR1OUT" File: C:/Users/Brock/School/ECE385/GitLab/ece385/Lab6/register_unit.sv Line: 33
Info (12127): Elaborating entity "lab6_toplevel" for the top level hierarchy
Info (12128): Elaborating entity "slc3" for hierarchy "slc3:my_slc" File: C:/Users/Brock/School/ECE385/GitLab/ece385/Lab6/lab6_toplevel.sv Line: 18
Warning (10036): Verilog HDL or VHDL warning at slc3.sv(42): object "MIO_EN" assigned a value but never read File: C:/Users/Brock/School/ECE385/GitLab/ece385/Lab6/slc3.sv Line: 42
Warning (10034): Output port "LED" at slc3.sv(22) has no driver File: C:/Users/Brock/School/ECE385/GitLab/ece385/Lab6/slc3.sv Line: 22
Info (12128): Elaborating entity "HexDriver" for hierarchy "slc3:my_slc|HexDriver:hex_driver3" File: C:/Users/Brock/School/ECE385/GitLab/ece385/Lab6/slc3.sv Line: 52
Info (12128): Elaborating entity "datapath" for hierarchy "slc3:my_slc|datapath:d0" File: C:/Users/Brock/School/ECE385/GitLab/ece385/Lab6/slc3.sv Line: 115
Warning (10034): Output port "IR_OUT" at datapath.sv(34) has no driver File: C:/Users/Brock/School/ECE385/GitLab/ece385/Lab6/datapath.sv Line: 34
Warning (10034): Output port "PC_OUT" at datapath.sv(35) has no driver File: C:/Users/Brock/School/ECE385/GitLab/ece385/Lab6/datapath.sv Line: 35
Warning (10034): Output port "MAR_OUT" at datapath.sv(36) has no driver File: C:/Users/Brock/School/ECE385/GitLab/ece385/Lab6/datapath.sv Line: 36
Warning (10034): Output port "Data_from_CPU" at datapath.sv(38) has no driver File: C:/Users/Brock/School/ECE385/GitLab/ece385/Lab6/datapath.sv Line: 38
Info (12128): Elaborating entity "reg16" for hierarchy "slc3:my_slc|datapath:d0|reg16:PC" File: C:/Users/Brock/School/ECE385/GitLab/ece385/Lab6/datapath.sv Line: 56
Info (12128): Elaborating entity "mux_16bit_4input" for hierarchy "slc3:my_slc|datapath:d0|mux_16bit_4input:PCMUXinstance" File: C:/Users/Brock/School/ECE385/GitLab/ece385/Lab6/datapath.sv Line: 77
Info (12128): Elaborating entity "SEXT10" for hierarchy "slc3:my_slc|datapath:d0|SEXT10:IRsexter10" File: C:/Users/Brock/School/ECE385/GitLab/ece385/Lab6/datapath.sv Line: 87
Info (12128): Elaborating entity "SEXT8" for hierarchy "slc3:my_slc|datapath:d0|SEXT8:IRsexter8" File: C:/Users/Brock/School/ECE385/GitLab/ece385/Lab6/datapath.sv Line: 88
Info (12128): Elaborating entity "SEXT5" for hierarchy "slc3:my_slc|datapath:d0|SEXT5:IRsexter5" File: C:/Users/Brock/School/ECE385/GitLab/ece385/Lab6/datapath.sv Line: 89
Info (12128): Elaborating entity "SEXT4" for hierarchy "slc3:my_slc|datapath:d0|SEXT4:IRsexter4" File: C:/Users/Brock/School/ECE385/GitLab/ece385/Lab6/datapath.sv Line: 90
Info (12128): Elaborating entity "mux_16bit_2input" for hierarchy "slc3:my_slc|datapath:d0|mux_16bit_2input:ADDR1MUXinstance" File: C:/Users/Brock/School/ECE385/GitLab/ece385/Lab6/datapath.sv Line: 110
Info (12128): Elaborating entity "register_unit" for hierarchy "slc3:my_slc|datapath:d0|register_unit:regUnitInstance" File: C:/Users/Brock/School/ECE385/GitLab/ece385/Lab6/datapath.sv Line: 128
Warning (10858): Verilog HDL warning at register_unit.sv(17): object SR1MUXOUT used but never assigned File: C:/Users/Brock/School/ECE385/GitLab/ece385/Lab6/register_unit.sv Line: 17
Warning (10030): Net "SR1MUXOUT[1..0]" at register_unit.sv(17) has no driver or initial value, using a default initial value '0' File: C:/Users/Brock/School/ECE385/GitLab/ece385/Lab6/register_unit.sv Line: 17
Info (12128): Elaborating entity "mux_3bit_2input" for hierarchy "slc3:my_slc|datapath:d0|register_unit:regUnitInstance|mux_3bit_2input:DRMUX" File: C:/Users/Brock/School/ECE385/GitLab/ece385/Lab6/register_unit.sv Line: 26
Info (12128): Elaborating entity "alu" for hierarchy "slc3:my_slc|datapath:d0|alu:aluInstance" File: C:/Users/Brock/School/ECE385/GitLab/ece385/Lab6/datapath.sv Line: 150
Info (12128): Elaborating entity "BEN_block" for hierarchy "slc3:my_slc|datapath:d0|BEN_block:BENLogic" File: C:/Users/Brock/School/ECE385/GitLab/ece385/Lab6/datapath.sv Line: 161
Info (12128): Elaborating entity "bus_mux" for hierarchy "slc3:my_slc|datapath:d0|bus_mux:BusMuxInstance" File: C:/Users/Brock/School/ECE385/GitLab/ece385/Lab6/datapath.sv Line: 176
Info (12128): Elaborating entity "Mem2IO" for hierarchy "slc3:my_slc|Mem2IO:memory_subsystem" File: C:/Users/Brock/School/ECE385/GitLab/ece385/Lab6/slc3.sv Line: 123
Info (12128): Elaborating entity "tristate" for hierarchy "slc3:my_slc|tristate:tr0" File: C:/Users/Brock/School/ECE385/GitLab/ece385/Lab6/slc3.sv Line: 128
Info (12128): Elaborating entity "ISDU" for hierarchy "slc3:my_slc|ISDU:state_controller" File: C:/Users/Brock/School/ECE385/GitLab/ece385/Lab6/slc3.sv Line: 135
Info (12128): Elaborating entity "test_memory" for hierarchy "test_memory:my_test_memory" File: C:/Users/Brock/School/ECE385/GitLab/ece385/Lab6/lab6_toplevel.sv Line: 22
Warning (10036): Verilog HDL or VHDL warning at test_memory.sv(42): object "actual_address" assigned a value but never read File: C:/Users/Brock/School/ECE385/GitLab/ece385/Lab6/test_memory.sv Line: 42
Info (12128): Elaborating entity "memory_parser" for hierarchy "test_memory:my_test_memory|memory_parser:parser" File: C:/Users/Brock/School/ECE385/GitLab/ece385/Lab6/test_memory.sv Line: 48
Warning (12011): Net is missing source, defaulting to GND
    Warning (12110): Net "slc3:my_slc|datapath:d0|SR1OUT" is missing source, defaulting to GND File: C:/Users/Brock/School/ECE385/GitLab/ece385/Lab6/datapath.sv Line: 107
Warning (12241): 4 hierarchies have connectivity warnings - see the Connectivity Checks report folder
Warning (13024): Output pins are stuck at VCC or GND
    Warning (13410): Pin "LED[0]" is stuck at GND File: C:/Users/Brock/School/ECE385/GitLab/ece385/Lab6/lab6_toplevel.sv Line: 12
    Warning (13410): Pin "LED[1]" is stuck at GND File: C:/Users/Brock/School/ECE385/GitLab/ece385/Lab6/lab6_toplevel.sv Line: 12
    Warning (13410): Pin "LED[2]" is stuck at GND File: C:/Users/Brock/School/ECE385/GitLab/ece385/Lab6/lab6_toplevel.sv Line: 12
    Warning (13410): Pin "LED[3]" is stuck at GND File: C:/Users/Brock/School/ECE385/GitLab/ece385/Lab6/lab6_toplevel.sv Line: 12
    Warning (13410): Pin "LED[4]" is stuck at GND File: C:/Users/Brock/School/ECE385/GitLab/ece385/Lab6/lab6_toplevel.sv Line: 12
    Warning (13410): Pin "LED[5]" is stuck at GND File: C:/Users/Brock/School/ECE385/GitLab/ece385/Lab6/lab6_toplevel.sv Line: 12
    Warning (13410): Pin "LED[6]" is stuck at GND File: C:/Users/Brock/School/ECE385/GitLab/ece385/Lab6/lab6_toplevel.sv Line: 12
    Warning (13410): Pin "LED[7]" is stuck at GND File: C:/Users/Brock/School/ECE385/GitLab/ece385/Lab6/lab6_toplevel.sv Line: 12
    Warning (13410): Pin "LED[8]" is stuck at GND File: C:/Users/Brock/School/ECE385/GitLab/ece385/Lab6/lab6_toplevel.sv Line: 12
    Warning (13410): Pin "LED[9]" is stuck at GND File: C:/Users/Brock/School/ECE385/GitLab/ece385/Lab6/lab6_toplevel.sv Line: 12
    Warning (13410): Pin "LED[10]" is stuck at GND File: C:/Users/Brock/School/ECE385/GitLab/ece385/Lab6/lab6_toplevel.sv Line: 12
    Warning (13410): Pin "LED[11]" is stuck at GND File: C:/Users/Brock/School/ECE385/GitLab/ece385/Lab6/lab6_toplevel.sv Line: 12
    Warning (13410): Pin "HEX0[0]" is stuck at GND File: C:/Users/Brock/School/ECE385/GitLab/ece385/Lab6/lab6_toplevel.sv Line: 13
    Warning (13410): Pin "HEX0[1]" is stuck at GND File: C:/Users/Brock/School/ECE385/GitLab/ece385/Lab6/lab6_toplevel.sv Line: 13
    Warning (13410): Pin "HEX0[2]" is stuck at GND File: C:/Users/Brock/School/ECE385/GitLab/ece385/Lab6/lab6_toplevel.sv Line: 13
    Warning (13410): Pin "HEX0[3]" is stuck at GND File: C:/Users/Brock/School/ECE385/GitLab/ece385/Lab6/lab6_toplevel.sv Line: 13
    Warning (13410): Pin "HEX0[4]" is stuck at GND File: C:/Users/Brock/School/ECE385/GitLab/ece385/Lab6/lab6_toplevel.sv Line: 13
    Warning (13410): Pin "HEX0[5]" is stuck at GND File: C:/Users/Brock/School/ECE385/GitLab/ece385/Lab6/lab6_toplevel.sv Line: 13
    Warning (13410): Pin "HEX0[6]" is stuck at VCC File: C:/Users/Brock/School/ECE385/GitLab/ece385/Lab6/lab6_toplevel.sv Line: 13
    Warning (13410): Pin "HEX1[0]" is stuck at GND File: C:/Users/Brock/School/ECE385/GitLab/ece385/Lab6/lab6_toplevel.sv Line: 13
    Warning (13410): Pin "HEX1[1]" is stuck at GND File: C:/Users/Brock/School/ECE385/GitLab/ece385/Lab6/lab6_toplevel.sv Line: 13
    Warning (13410): Pin "HEX1[2]" is stuck at GND File: C:/Users/Brock/School/ECE385/GitLab/ece385/Lab6/lab6_toplevel.sv Line: 13
    Warning (13410): Pin "HEX1[3]" is stuck at GND File: C:/Users/Brock/School/ECE385/GitLab/ece385/Lab6/lab6_toplevel.sv Line: 13
    Warning (13410): Pin "HEX1[4]" is stuck at GND File: C:/Users/Brock/School/ECE385/GitLab/ece385/Lab6/lab6_toplevel.sv Line: 13
    Warning (13410): Pin "HEX1[5]" is stuck at GND File: C:/Users/Brock/School/ECE385/GitLab/ece385/Lab6/lab6_toplevel.sv Line: 13
    Warning (13410): Pin "HEX1[6]" is stuck at VCC File: C:/Users/Brock/School/ECE385/GitLab/ece385/Lab6/lab6_toplevel.sv Line: 13
    Warning (13410): Pin "HEX2[0]" is stuck at GND File: C:/Users/Brock/School/ECE385/GitLab/ece385/Lab6/lab6_toplevel.sv Line: 13
    Warning (13410): Pin "HEX2[1]" is stuck at GND File: C:/Users/Brock/School/ECE385/GitLab/ece385/Lab6/lab6_toplevel.sv Line: 13
    Warning (13410): Pin "HEX2[2]" is stuck at GND File: C:/Users/Brock/School/ECE385/GitLab/ece385/Lab6/lab6_toplevel.sv Line: 13
    Warning (13410): Pin "HEX2[3]" is stuck at GND File: C:/Users/Brock/School/ECE385/GitLab/ece385/Lab6/lab6_toplevel.sv Line: 13
    Warning (13410): Pin "HEX2[4]" is stuck at GND File: C:/Users/Brock/School/ECE385/GitLab/ece385/Lab6/lab6_toplevel.sv Line: 13
    Warning (13410): Pin "HEX2[5]" is stuck at GND File: C:/Users/Brock/School/ECE385/GitLab/ece385/Lab6/lab6_toplevel.sv Line: 13
    Warning (13410): Pin "HEX2[6]" is stuck at VCC File: C:/Users/Brock/School/ECE385/GitLab/ece385/Lab6/lab6_toplevel.sv Line: 13
    Warning (13410): Pin "HEX3[0]" is stuck at GND File: C:/Users/Brock/School/ECE385/GitLab/ece385/Lab6/lab6_toplevel.sv Line: 13
    Warning (13410): Pin "HEX3[1]" is stuck at GND File: C:/Users/Brock/School/ECE385/GitLab/ece385/Lab6/lab6_toplevel.sv Line: 13
    Warning (13410): Pin "HEX3[2]" is stuck at GND File: C:/Users/Brock/School/ECE385/GitLab/ece385/Lab6/lab6_toplevel.sv Line: 13
    Warning (13410): Pin "HEX3[3]" is stuck at GND File: C:/Users/Brock/School/ECE385/GitLab/ece385/Lab6/lab6_toplevel.sv Line: 13
    Warning (13410): Pin "HEX3[4]" is stuck at GND File: C:/Users/Brock/School/ECE385/GitLab/ece385/Lab6/lab6_toplevel.sv Line: 13
    Warning (13410): Pin "HEX3[5]" is stuck at GND File: C:/Users/Brock/School/ECE385/GitLab/ece385/Lab6/lab6_toplevel.sv Line: 13
    Warning (13410): Pin "HEX3[6]" is stuck at VCC File: C:/Users/Brock/School/ECE385/GitLab/ece385/Lab6/lab6_toplevel.sv Line: 13
    Warning (13410): Pin "HEX4[0]" is stuck at GND File: C:/Users/Brock/School/ECE385/GitLab/ece385/Lab6/lab6_toplevel.sv Line: 13
    Warning (13410): Pin "HEX4[1]" is stuck at GND File: C:/Users/Brock/School/ECE385/GitLab/ece385/Lab6/lab6_toplevel.sv Line: 13
    Warning (13410): Pin "HEX4[2]" is stuck at GND File: C:/Users/Brock/School/ECE385/GitLab/ece385/Lab6/lab6_toplevel.sv Line: 13
    Warning (13410): Pin "HEX4[3]" is stuck at GND File: C:/Users/Brock/School/ECE385/GitLab/ece385/Lab6/lab6_toplevel.sv Line: 13
    Warning (13410): Pin "HEX4[4]" is stuck at GND File: C:/Users/Brock/School/ECE385/GitLab/ece385/Lab6/lab6_toplevel.sv Line: 13
    Warning (13410): Pin "HEX4[5]" is stuck at GND File: C:/Users/Brock/School/ECE385/GitLab/ece385/Lab6/lab6_toplevel.sv Line: 13
    Warning (13410): Pin "HEX4[6]" is stuck at VCC File: C:/Users/Brock/School/ECE385/GitLab/ece385/Lab6/lab6_toplevel.sv Line: 13
    Warning (13410): Pin "HEX5[0]" is stuck at GND File: C:/Users/Brock/School/ECE385/GitLab/ece385/Lab6/lab6_toplevel.sv Line: 13
    Warning (13410): Pin "HEX5[1]" is stuck at GND File: C:/Users/Brock/School/ECE385/GitLab/ece385/Lab6/lab6_toplevel.sv Line: 13
    Warning (13410): Pin "HEX5[2]" is stuck at GND File: C:/Users/Brock/School/ECE385/GitLab/ece385/Lab6/lab6_toplevel.sv Line: 13
    Warning (13410): Pin "HEX5[3]" is stuck at GND File: C:/Users/Brock/School/ECE385/GitLab/ece385/Lab6/lab6_toplevel.sv Line: 13
    Warning (13410): Pin "HEX5[4]" is stuck at GND File: C:/Users/Brock/School/ECE385/GitLab/ece385/Lab6/lab6_toplevel.sv Line: 13
    Warning (13410): Pin "HEX5[5]" is stuck at GND File: C:/Users/Brock/School/ECE385/GitLab/ece385/Lab6/lab6_toplevel.sv Line: 13
    Warning (13410): Pin "HEX5[6]" is stuck at VCC File: C:/Users/Brock/School/ECE385/GitLab/ece385/Lab6/lab6_toplevel.sv Line: 13
    Warning (13410): Pin "HEX6[0]" is stuck at GND File: C:/Users/Brock/School/ECE385/GitLab/ece385/Lab6/lab6_toplevel.sv Line: 13
    Warning (13410): Pin "HEX6[1]" is stuck at GND File: C:/Users/Brock/School/ECE385/GitLab/ece385/Lab6/lab6_toplevel.sv Line: 13
    Warning (13410): Pin "HEX6[2]" is stuck at GND File: C:/Users/Brock/School/ECE385/GitLab/ece385/Lab6/lab6_toplevel.sv Line: 13
    Warning (13410): Pin "HEX6[3]" is stuck at GND File: C:/Users/Brock/School/ECE385/GitLab/ece385/Lab6/lab6_toplevel.sv Line: 13
    Warning (13410): Pin "HEX6[4]" is stuck at GND File: C:/Users/Brock/School/ECE385/GitLab/ece385/Lab6/lab6_toplevel.sv Line: 13
    Warning (13410): Pin "HEX6[5]" is stuck at GND File: C:/Users/Brock/School/ECE385/GitLab/ece385/Lab6/lab6_toplevel.sv Line: 13
    Warning (13410): Pin "HEX6[6]" is stuck at VCC File: C:/Users/Brock/School/ECE385/GitLab/ece385/Lab6/lab6_toplevel.sv Line: 13
    Warning (13410): Pin "HEX7[0]" is stuck at GND File: C:/Users/Brock/School/ECE385/GitLab/ece385/Lab6/lab6_toplevel.sv Line: 13
    Warning (13410): Pin "HEX7[1]" is stuck at GND File: C:/Users/Brock/School/ECE385/GitLab/ece385/Lab6/lab6_toplevel.sv Line: 13
    Warning (13410): Pin "HEX7[2]" is stuck at GND File: C:/Users/Brock/School/ECE385/GitLab/ece385/Lab6/lab6_toplevel.sv Line: 13
    Warning (13410): Pin "HEX7[3]" is stuck at GND File: C:/Users/Brock/School/ECE385/GitLab/ece385/Lab6/lab6_toplevel.sv Line: 13
    Warning (13410): Pin "HEX7[4]" is stuck at GND File: C:/Users/Brock/School/ECE385/GitLab/ece385/Lab6/lab6_toplevel.sv Line: 13
    Warning (13410): Pin "HEX7[5]" is stuck at GND File: C:/Users/Brock/School/ECE385/GitLab/ece385/Lab6/lab6_toplevel.sv Line: 13
    Warning (13410): Pin "HEX7[6]" is stuck at VCC File: C:/Users/Brock/School/ECE385/GitLab/ece385/Lab6/lab6_toplevel.sv Line: 13
    Warning (13410): Pin "CE" is stuck at GND File: C:/Users/Brock/School/ECE385/GitLab/ece385/Lab6/lab6_toplevel.sv Line: 14
    Warning (13410): Pin "UB" is stuck at GND File: C:/Users/Brock/School/ECE385/GitLab/ece385/Lab6/lab6_toplevel.sv Line: 14
    Warning (13410): Pin "LB" is stuck at GND File: C:/Users/Brock/School/ECE385/GitLab/ece385/Lab6/lab6_toplevel.sv Line: 14
    Warning (13410): Pin "WE" is stuck at VCC File: C:/Users/Brock/School/ECE385/GitLab/ece385/Lab6/lab6_toplevel.sv Line: 14
    Warning (13410): Pin "ADDR[0]" is stuck at GND File: C:/Users/Brock/School/ECE385/GitLab/ece385/Lab6/lab6_toplevel.sv Line: 15
    Warning (13410): Pin "ADDR[1]" is stuck at GND File: C:/Users/Brock/School/ECE385/GitLab/ece385/Lab6/lab6_toplevel.sv Line: 15
    Warning (13410): Pin "ADDR[2]" is stuck at GND File: C:/Users/Brock/School/ECE385/GitLab/ece385/Lab6/lab6_toplevel.sv Line: 15
    Warning (13410): Pin "ADDR[3]" is stuck at GND File: C:/Users/Brock/School/ECE385/GitLab/ece385/Lab6/lab6_toplevel.sv Line: 15
    Warning (13410): Pin "ADDR[4]" is stuck at GND File: C:/Users/Brock/School/ECE385/GitLab/ece385/Lab6/lab6_toplevel.sv Line: 15
    Warning (13410): Pin "ADDR[5]" is stuck at GND File: C:/Users/Brock/School/ECE385/GitLab/ece385/Lab6/lab6_toplevel.sv Line: 15
    Warning (13410): Pin "ADDR[6]" is stuck at GND File: C:/Users/Brock/School/ECE385/GitLab/ece385/Lab6/lab6_toplevel.sv Line: 15
    Warning (13410): Pin "ADDR[7]" is stuck at GND File: C:/Users/Brock/School/ECE385/GitLab/ece385/Lab6/lab6_toplevel.sv Line: 15
    Warning (13410): Pin "ADDR[8]" is stuck at GND File: C:/Users/Brock/School/ECE385/GitLab/ece385/Lab6/lab6_toplevel.sv Line: 15
    Warning (13410): Pin "ADDR[9]" is stuck at GND File: C:/Users/Brock/School/ECE385/GitLab/ece385/Lab6/lab6_toplevel.sv Line: 15
    Warning (13410): Pin "ADDR[10]" is stuck at GND File: C:/Users/Brock/School/ECE385/GitLab/ece385/Lab6/lab6_toplevel.sv Line: 15
    Warning (13410): Pin "ADDR[11]" is stuck at GND File: C:/Users/Brock/School/ECE385/GitLab/ece385/Lab6/lab6_toplevel.sv Line: 15
    Warning (13410): Pin "ADDR[12]" is stuck at GND File: C:/Users/Brock/School/ECE385/GitLab/ece385/Lab6/lab6_toplevel.sv Line: 15
    Warning (13410): Pin "ADDR[13]" is stuck at GND File: C:/Users/Brock/School/ECE385/GitLab/ece385/Lab6/lab6_toplevel.sv Line: 15
    Warning (13410): Pin "ADDR[14]" is stuck at GND File: C:/Users/Brock/School/ECE385/GitLab/ece385/Lab6/lab6_toplevel.sv Line: 15
    Warning (13410): Pin "ADDR[15]" is stuck at GND File: C:/Users/Brock/School/ECE385/GitLab/ece385/Lab6/lab6_toplevel.sv Line: 15
    Warning (13410): Pin "ADDR[16]" is stuck at GND File: C:/Users/Brock/School/ECE385/GitLab/ece385/Lab6/lab6_toplevel.sv Line: 15
    Warning (13410): Pin "ADDR[17]" is stuck at GND File: C:/Users/Brock/School/ECE385/GitLab/ece385/Lab6/lab6_toplevel.sv Line: 15
    Warning (13410): Pin "ADDR[18]" is stuck at GND File: C:/Users/Brock/School/ECE385/GitLab/ece385/Lab6/lab6_toplevel.sv Line: 15
    Warning (13410): Pin "ADDR[19]" is stuck at GND File: C:/Users/Brock/School/ECE385/GitLab/ece385/Lab6/lab6_toplevel.sv Line: 15
Info (286030): Timing-Driven Synthesis is running
Info (17049): 5 registers lost all their fanouts during netlist optimizations.
Info (16010): Generating hard_block partition "hard_block:auto_generated_inst"
    Info (16011): Adding 0 node(s), including 0 DDIO, 0 PLL, 0 transceiver and 0 LCELL
Warning (21074): Design contains 16 input pin(s) that do not drive logic
    Warning (15610): No output dependent on input pin "S[0]" File: C:/Users/Brock/School/ECE385/GitLab/ece385/Lab6/lab6_toplevel.sv Line: 10
    Warning (15610): No output dependent on input pin "S[1]" File: C:/Users/Brock/School/ECE385/GitLab/ece385/Lab6/lab6_toplevel.sv Line: 10
    Warning (15610): No output dependent on input pin "S[2]" File: C:/Users/Brock/School/ECE385/GitLab/ece385/Lab6/lab6_toplevel.sv Line: 10
    Warning (15610): No output dependent on input pin "S[3]" File: C:/Users/Brock/School/ECE385/GitLab/ece385/Lab6/lab6_toplevel.sv Line: 10
    Warning (15610): No output dependent on input pin "S[4]" File: C:/Users/Brock/School/ECE385/GitLab/ece385/Lab6/lab6_toplevel.sv Line: 10
    Warning (15610): No output dependent on input pin "S[5]" File: C:/Users/Brock/School/ECE385/GitLab/ece385/Lab6/lab6_toplevel.sv Line: 10
    Warning (15610): No output dependent on input pin "S[6]" File: C:/Users/Brock/School/ECE385/GitLab/ece385/Lab6/lab6_toplevel.sv Line: 10
    Warning (15610): No output dependent on input pin "S[7]" File: C:/Users/Brock/School/ECE385/GitLab/ece385/Lab6/lab6_toplevel.sv Line: 10
    Warning (15610): No output dependent on input pin "S[8]" File: C:/Users/Brock/School/ECE385/GitLab/ece385/Lab6/lab6_toplevel.sv Line: 10
    Warning (15610): No output dependent on input pin "S[9]" File: C:/Users/Brock/School/ECE385/GitLab/ece385/Lab6/lab6_toplevel.sv Line: 10
    Warning (15610): No output dependent on input pin "S[10]" File: C:/Users/Brock/School/ECE385/GitLab/ece385/Lab6/lab6_toplevel.sv Line: 10
    Warning (15610): No output dependent on input pin "S[11]" File: C:/Users/Brock/School/ECE385/GitLab/ece385/Lab6/lab6_toplevel.sv Line: 10
    Warning (15610): No output dependent on input pin "S[12]" File: C:/Users/Brock/School/ECE385/GitLab/ece385/Lab6/lab6_toplevel.sv Line: 10
    Warning (15610): No output dependent on input pin "S[13]" File: C:/Users/Brock/School/ECE385/GitLab/ece385/Lab6/lab6_toplevel.sv Line: 10
    Warning (15610): No output dependent on input pin "S[14]" File: C:/Users/Brock/School/ECE385/GitLab/ece385/Lab6/lab6_toplevel.sv Line: 10
    Warning (15610): No output dependent on input pin "S[15]" File: C:/Users/Brock/School/ECE385/GitLab/ece385/Lab6/lab6_toplevel.sv Line: 10
Info (21057): Implemented 138 device resources after synthesis - the final resource count might be different
    Info (21058): Implemented 20 input pins
    Info (21059): Implemented 93 output pins
    Info (21060): Implemented 16 bidirectional pins
    Info (21061): Implemented 9 logic cells
Info: Quartus Prime Analysis & Synthesis was successful. 0 errors, 133 warnings
    Info: Peak virtual memory: 4863 megabytes
    Info: Processing ended: Sun Feb 17 09:55:29 2019
    Info: Elapsed time: 00:00:12
    Info: Total CPU time (on all processors): 00:00:24


