Flow report for lab6_toplevel
Wed Feb 27 14:57:32 2019
Quartus Prime Version 18.0.0 Build 614 04/24/2018 SJ Lite Edition


---------------------
; Table of Contents ;
---------------------
  1. Legal Notice
  2. Flow Summary
  3. Flow Settings
  4. Flow Non-Default Global Settings
  5. Flow Elapsed Time
  6. Flow OS Summary
  7. Flow Log
  8. Flow Messages
  9. Flow Suppressed Messages



----------------
; Legal Notice ;
----------------
Copyright (C) 2018  Intel Corporation. All rights reserved.
Your use of Intel Corporation's design tools, logic functions 
and other software and tools, and its AMPP partner logic 
functions, and any output files from any of the foregoing 
(including device programming or simulation files), and any 
associated documentation or information are expressly subject 
to the terms and conditions of the Intel Program License 
Subscription Agreement, the Intel Quartus Prime License Agreement,
the Intel FPGA IP License Agreement, or other applicable license
agreement, including, without limitation, that your use is for
the sole purpose of programming logic devices manufactured by
Intel and sold by Intel or its authorized distributors.  Please
refer to the applicable agreement for further details.



+----------------------------------------------------------------------------------+
; Flow Summary                                                                     ;
+------------------------------------+---------------------------------------------+
; Flow Status                        ; Successful - Wed Feb 27 14:57:32 2019       ;
; Quartus Prime Version              ; 18.0.0 Build 614 04/24/2018 SJ Lite Edition ;
; Revision Name                      ; lab6_toplevel                               ;
; Top-level Entity Name              ; lab6_toplevel                               ;
; Family                             ; Cyclone IV E                                ;
; Device                             ; EP4CE115F29C8                               ;
; Timing Models                      ; Final                                       ;
; Total logic elements               ; 600 / 114,480 ( < 1 % )                     ;
;     Total combinational functions  ; 508 / 114,480 ( < 1 % )                     ;
;     Dedicated logic registers      ; 282 / 114,480 ( < 1 % )                     ;
; Total registers                    ; 282                                         ;
; Total pins                         ; 129 / 529 ( 24 % )                          ;
; Total virtual pins                 ; 0                                           ;
; Total memory bits                  ; 0 / 3,981,312 ( 0 % )                       ;
; Embedded Multiplier 9-bit elements ; 0 / 532 ( 0 % )                             ;
; Total PLLs                         ; 0 / 4 ( 0 % )                               ;
+------------------------------------+---------------------------------------------+


+-----------------------------------------+
; Flow Settings                           ;
+-------------------+---------------------+
; Option            ; Setting             ;
+-------------------+---------------------+
; Start date & time ; 02/27/2019 14:56:23 ;
; Main task         ; Compilation         ;
; Revision Name     ; lab6_toplevel       ;
+-------------------+---------------------+


+------------------------------------------------------------------------------------------------------------------------------+
; Flow Non-Default Global Settings                                                                                             ;
+--------------------------------------+----------------------------------------+---------------+-------------+----------------+
; Assignment Name                      ; Value                                  ; Default Value ; Entity Name ; Section Id     ;
+--------------------------------------+----------------------------------------+---------------+-------------+----------------+
; COMPILER_SIGNATURE_ID                ; 13870907933117.155130098205836         ; --            ; --          ; --             ;
; EDA_DESIGN_INSTANCE_NAME             ; NA                                     ; --            ; --          ; testbench      ;
; EDA_NATIVELINK_SIMULATION_TEST_BENCH ; testbench                              ; --            ; --          ; eda_simulation ;
; EDA_OUTPUT_DATA_FORMAT               ; Systemverilog Hdl                      ; --            ; --          ; eda_simulation ;
; EDA_SIMULATION_TOOL                  ; ModelSim-Altera (SystemVerilog)        ; <None>        ; --          ; --             ;
; EDA_TEST_BENCH_ENABLE_STATUS         ; TEST_BENCH_MODE                        ; --            ; --          ; eda_simulation ;
; EDA_TEST_BENCH_FILE                  ; testbench.sv                           ; --            ; --          ; testbench      ;
; EDA_TEST_BENCH_FILE                  ; test_memory.sv                         ; --            ; --          ; testbench      ;
; EDA_TEST_BENCH_FILE                  ; ALU.sv                                 ; --            ; --          ; testbench      ;
; EDA_TEST_BENCH_FILE                  ; mux.sv                                 ; --            ; --          ; testbench      ;
; EDA_TEST_BENCH_FILE                  ; memory_contents.sv                     ; --            ; --          ; testbench      ;
; EDA_TEST_BENCH_FILE                  ; ISDU.sv                                ; --            ; --          ; testbench      ;
; EDA_TEST_BENCH_FILE                  ; slc3.sv                                ; --            ; --          ; testbench      ;
; EDA_TEST_BENCH_FILE                  ; register_unit.sv                       ; --            ; --          ; testbench      ;
; EDA_TEST_BENCH_FILE                  ; SLC3_2.sv                              ; --            ; --          ; testbench      ;
; EDA_TEST_BENCH_FILE                  ; BEN.sv                                 ; --            ; --          ; testbench      ;
; EDA_TEST_BENCH_FILE                  ; tristate.sv                            ; --            ; --          ; testbench      ;
; EDA_TEST_BENCH_FILE                  ; HexDriver.sv                           ; --            ; --          ; testbench      ;
; EDA_TEST_BENCH_FILE                  ; lab6_toplevel.sv                       ; --            ; --          ; testbench      ;
; EDA_TEST_BENCH_FILE                  ; datapath.sv                            ; --            ; --          ; testbench      ;
; EDA_TEST_BENCH_FILE                  ; Mem2IO.sv                              ; --            ; --          ; testbench      ;
; EDA_TEST_BENCH_FILE                  ; EXT.sv                                 ; --            ; --          ; testbench      ;
; EDA_TEST_BENCH_FILE                  ; register.sv                            ; --            ; --          ; testbench      ;
; EDA_TEST_BENCH_FILE                  ; adders.sv                              ; --            ; --          ; testbench      ;
; EDA_TEST_BENCH_MODULE_NAME           ; testbench                              ; --            ; --          ; testbench      ;
; EDA_TEST_BENCH_NAME                  ; testbench                              ; --            ; --          ; eda_simulation ;
; EDA_TEST_BENCH_RUN_SIM_FOR           ; 100 us                                 ; --            ; --          ; testbench      ;
; EDA_TIME_SCALE                       ; 1 ps                                   ; --            ; --          ; eda_simulation ;
; MAX_CORE_JUNCTION_TEMP               ; 85                                     ; --            ; --          ; --             ;
; MIN_CORE_JUNCTION_TEMP               ; 0                                      ; --            ; --          ; --             ;
; PARTITION_COLOR                      ; -- (Not supported for targeted family) ; --            ; --          ; Top            ;
; PARTITION_FITTER_PRESERVATION_LEVEL  ; -- (Not supported for targeted family) ; --            ; --          ; Top            ;
; PARTITION_NETLIST_TYPE               ; -- (Not supported for targeted family) ; --            ; --          ; Top            ;
; POWER_BOARD_THERMAL_MODEL            ; None (CONSERVATIVE)                    ; --            ; --          ; --             ;
; POWER_PRESET_COOLING_SOLUTION        ; 23 MM HEAT SINK WITH 200 LFPM AIRFLOW  ; --            ; --          ; --             ;
; USE_GENERATED_PHYSICAL_CONSTRAINTS   ; Off                                    ; --            ; --          ; eda_blast_fpga ;
+--------------------------------------+----------------------------------------+---------------+-------------+----------------+


+--------------------------------------------------------------------------------------------------------------------------+
; Flow Elapsed Time                                                                                                        ;
+----------------------+--------------+-------------------------+---------------------+------------------------------------+
; Module Name          ; Elapsed Time ; Average Processors Used ; Peak Virtual Memory ; Total CPU Time (on all processors) ;
+----------------------+--------------+-------------------------+---------------------+------------------------------------+
; Analysis & Synthesis ; 00:00:14     ; 1.0                     ; 4869 MB             ; 00:00:24                           ;
; Fitter               ; 00:00:30     ; 1.1                     ; 6766 MB             ; 00:00:36                           ;
; Assembler            ; 00:00:06     ; 1.0                     ; 4707 MB             ; 00:00:03                           ;
; Timing Analyzer      ; 00:00:05     ; 1.2                     ; 5026 MB             ; 00:00:03                           ;
; EDA Netlist Writer   ; 00:00:02     ; 1.0                     ; 4683 MB             ; 00:00:02                           ;
; Total                ; 00:00:57     ; --                      ; --                  ; 00:01:08                           ;
+----------------------+--------------+-------------------------+---------------------+------------------------------------+


+------------------------------------------------------------------------------------+
; Flow OS Summary                                                                    ;
+----------------------+------------------+------------+------------+----------------+
; Module Name          ; Machine Hostname ; OS Name    ; OS Version ; Processor type ;
+----------------------+------------------+------------+------------+----------------+
; Analysis & Synthesis ; hacktower        ; Windows 10 ; 10.0       ; x86_64         ;
; Fitter               ; hacktower        ; Windows 10 ; 10.0       ; x86_64         ;
; Assembler            ; hacktower        ; Windows 10 ; 10.0       ; x86_64         ;
; Timing Analyzer      ; hacktower        ; Windows 10 ; 10.0       ; x86_64         ;
; EDA Netlist Writer   ; hacktower        ; Windows 10 ; 10.0       ; x86_64         ;
+----------------------+------------------+------------+------------+----------------+


------------
; Flow Log ;
------------
quartus_map --read_settings_files=on --write_settings_files=off LC3 -c lab6_toplevel
quartus_fit --read_settings_files=off --write_settings_files=off LC3 -c lab6_toplevel
quartus_asm --read_settings_files=off --write_settings_files=off LC3 -c lab6_toplevel
quartus_sta LC3 -c lab6_toplevel
quartus_eda --read_settings_files=off --write_settings_files=off LC3 -c lab6_toplevel



