Analysis & Synthesis report for lab6_toplevel
Mon Feb 18 17:32:55 2019
Quartus Prime Version 18.0.0 Build 614 04/24/2018 SJ Lite Edition


---------------------
; Table of Contents ;
---------------------
  1. Legal Notice
  2. Analysis & Synthesis Summary
  3. Analysis & Synthesis Settings
  4. Parallel Compilation
  5. Analysis & Synthesis Source Files Read
  6. Analysis & Synthesis Resource Usage Summary
  7. Analysis & Synthesis Resource Utilization by Entity
  8. State Machine - |lab6_toplevel|slc3:my_slc|ISDU:state_controller|State
  9. Registers Removed During Synthesis
 10. Removed Registers Triggering Further Register Optimizations
 11. General Register Statistics
 12. Multiplexer Restructuring Statistics (Restructuring Performed)
 13. Parameter Settings for User Entity Instance: slc3:my_slc|tristate:tr0
 14. Parameter Settings for User Entity Instance: test_memory:my_test_memory
 15. Parameter Settings for User Entity Instance: test_memory:my_test_memory|memory_parser:parser
 16. Port Connectivity Checks: "slc3:my_slc|ISDU:state_controller"
 17. Port Connectivity Checks: "slc3:my_slc|Mem2IO:memory_subsystem"
 18. Port Connectivity Checks: "slc3:my_slc|datapath:d0|register_unit:regUnitInstance|mux_3bit_2input:SR1MUX"
 19. Port Connectivity Checks: "slc3:my_slc|datapath:d0|register_unit:regUnitInstance|mux_3bit_2input:DRMUX"
 20. Port Connectivity Checks: "slc3:my_slc|datapath:d0|register_unit:regUnitInstance"
 21. Port Connectivity Checks: "slc3:my_slc|datapath:d0|mux_16bit_4input:ADDR2MUXinstance"
 22. Port Connectivity Checks: "slc3:my_slc|datapath:d0|mux_16bit_4input:PCMUXinstance"
 23. Port Connectivity Checks: "slc3:my_slc|datapath:d0"
 24. Post-Synthesis Netlist Statistics for Top Partition
 25. Elapsed Time Per Partition
 26. Analysis & Synthesis Messages



----------------
; Legal Notice ;
----------------
Copyright (C) 2018  Intel Corporation. All rights reserved.
Your use of Intel Corporation's design tools, logic functions 
and other software and tools, and its AMPP partner logic 
functions, and any output files from any of the foregoing 
(including device programming or simulation files), and any 
associated documentation or information are expressly subject 
to the terms and conditions of the Intel Program License 
Subscription Agreement, the Intel Quartus Prime License Agreement,
the Intel FPGA IP License Agreement, or other applicable license
agreement, including, without limitation, that your use is for
the sole purpose of programming logic devices manufactured by
Intel and sold by Intel or its authorized distributors.  Please
refer to the applicable agreement for further details.



+----------------------------------------------------------------------------------+
; Analysis & Synthesis Summary                                                     ;
+------------------------------------+---------------------------------------------+
; Analysis & Synthesis Status        ; Successful - Mon Feb 18 17:32:55 2019       ;
; Quartus Prime Version              ; 18.0.0 Build 614 04/24/2018 SJ Lite Edition ;
; Revision Name                      ; lab6_toplevel                               ;
; Top-level Entity Name              ; lab6_toplevel                               ;
; Family                             ; Cyclone IV E                                ;
; Total logic elements               ; 126                                         ;
;     Total combinational functions  ; 110                                         ;
;     Dedicated logic registers      ; 87                                          ;
; Total registers                    ; 87                                          ;
; Total pins                         ; 129                                         ;
; Total virtual pins                 ; 0                                           ;
; Total memory bits                  ; 0                                           ;
; Embedded Multiplier 9-bit elements ; 0                                           ;
; Total PLLs                         ; 0                                           ;
+------------------------------------+---------------------------------------------+


+------------------------------------------------------------------------------------------------------------+
; Analysis & Synthesis Settings                                                                              ;
+------------------------------------------------------------------+--------------------+--------------------+
; Option                                                           ; Setting            ; Default Value      ;
+------------------------------------------------------------------+--------------------+--------------------+
; Device                                                           ; EP4CE115F29C8      ;                    ;
; Top-level entity name                                            ; lab6_toplevel      ; lab6_toplevel      ;
; Family name                                                      ; Cyclone IV E       ; Cyclone V          ;
; Use smart compilation                                            ; Off                ; Off                ;
; Enable parallel Assembler and Timing Analyzer during compilation ; On                 ; On                 ;
; Enable compact report table                                      ; Off                ; Off                ;
; Restructure Multiplexers                                         ; Auto               ; Auto               ;
; Create Debugging Nodes for IP Cores                              ; Off                ; Off                ;
; Preserve fewer node names                                        ; On                 ; On                 ;
; Intel FPGA IP Evaluation Mode                                    ; Enable             ; Enable             ;
; Verilog Version                                                  ; Verilog_2001       ; Verilog_2001       ;
; VHDL Version                                                     ; VHDL_1993          ; VHDL_1993          ;
; State Machine Processing                                         ; Auto               ; Auto               ;
; Safe State Machine                                               ; Off                ; Off                ;
; Extract Verilog State Machines                                   ; On                 ; On                 ;
; Extract VHDL State Machines                                      ; On                 ; On                 ;
; Ignore Verilog initial constructs                                ; Off                ; Off                ;
; Iteration limit for constant Verilog loops                       ; 5000               ; 5000               ;
; Iteration limit for non-constant Verilog loops                   ; 250                ; 250                ;
; Add Pass-Through Logic to Inferred RAMs                          ; On                 ; On                 ;
; Infer RAMs from Raw Logic                                        ; On                 ; On                 ;
; Parallel Synthesis                                               ; On                 ; On                 ;
; DSP Block Balancing                                              ; Auto               ; Auto               ;
; NOT Gate Push-Back                                               ; On                 ; On                 ;
; Power-Up Don't Care                                              ; On                 ; On                 ;
; Remove Redundant Logic Cells                                     ; Off                ; Off                ;
; Remove Duplicate Registers                                       ; On                 ; On                 ;
; Ignore CARRY Buffers                                             ; Off                ; Off                ;
; Ignore CASCADE Buffers                                           ; Off                ; Off                ;
; Ignore GLOBAL Buffers                                            ; Off                ; Off                ;
; Ignore ROW GLOBAL Buffers                                        ; Off                ; Off                ;
; Ignore LCELL Buffers                                             ; Off                ; Off                ;
; Ignore SOFT Buffers                                              ; On                 ; On                 ;
; Limit AHDL Integers to 32 Bits                                   ; Off                ; Off                ;
; Optimization Technique                                           ; Balanced           ; Balanced           ;
; Carry Chain Length                                               ; 70                 ; 70                 ;
; Auto Carry Chains                                                ; On                 ; On                 ;
; Auto Open-Drain Pins                                             ; On                 ; On                 ;
; Perform WYSIWYG Primitive Resynthesis                            ; Off                ; Off                ;
; Auto ROM Replacement                                             ; On                 ; On                 ;
; Auto RAM Replacement                                             ; On                 ; On                 ;
; Auto DSP Block Replacement                                       ; On                 ; On                 ;
; Auto Shift Register Replacement                                  ; Auto               ; Auto               ;
; Allow Shift Register Merging across Hierarchies                  ; Auto               ; Auto               ;
; Auto Clock Enable Replacement                                    ; On                 ; On                 ;
; Strict RAM Replacement                                           ; Off                ; Off                ;
; Allow Synchronous Control Signals                                ; On                 ; On                 ;
; Force Use of Synchronous Clear Signals                           ; Off                ; Off                ;
; Auto RAM Block Balancing                                         ; On                 ; On                 ;
; Auto RAM to Logic Cell Conversion                                ; Off                ; Off                ;
; Auto Resource Sharing                                            ; Off                ; Off                ;
; Allow Any RAM Size For Recognition                               ; Off                ; Off                ;
; Allow Any ROM Size For Recognition                               ; Off                ; Off                ;
; Allow Any Shift Register Size For Recognition                    ; Off                ; Off                ;
; Use LogicLock Constraints during Resource Balancing              ; On                 ; On                 ;
; Ignore translate_off and synthesis_off directives                ; Off                ; Off                ;
; Timing-Driven Synthesis                                          ; On                 ; On                 ;
; Report Parameter Settings                                        ; On                 ; On                 ;
; Report Source Assignments                                        ; On                 ; On                 ;
; Report Connectivity Checks                                       ; On                 ; On                 ;
; Ignore Maximum Fan-Out Assignments                               ; Off                ; Off                ;
; Synchronization Register Chain Length                            ; 2                  ; 2                  ;
; Power Optimization During Synthesis                              ; Normal compilation ; Normal compilation ;
; HDL message level                                                ; Level2             ; Level2             ;
; Suppress Register Optimization Related Messages                  ; Off                ; Off                ;
; Number of Removed Registers Reported in Synthesis Report         ; 5000               ; 5000               ;
; Number of Swept Nodes Reported in Synthesis Report               ; 5000               ; 5000               ;
; Number of Inverted Registers Reported in Synthesis Report        ; 100                ; 100                ;
; Clock MUX Protection                                             ; On                 ; On                 ;
; Auto Gated Clock Conversion                                      ; Off                ; Off                ;
; Block Design Naming                                              ; Auto               ; Auto               ;
; SDC constraint protection                                        ; Off                ; Off                ;
; Synthesis Effort                                                 ; Auto               ; Auto               ;
; Shift Register Replacement - Allow Asynchronous Clear Signal     ; On                 ; On                 ;
; Pre-Mapping Resynthesis Optimization                             ; Off                ; Off                ;
; Analysis & Synthesis Message Level                               ; Medium             ; Medium             ;
; Disable Register Merging Across Hierarchies                      ; Auto               ; Auto               ;
; Resource Aware Inference For Block RAM                           ; On                 ; On                 ;
+------------------------------------------------------------------+--------------------+--------------------+


+------------------------------------------+
; Parallel Compilation                     ;
+----------------------------+-------------+
; Processors                 ; Number      ;
+----------------------------+-------------+
; Number detected on machine ; 16          ;
; Maximum allowed            ; 16          ;
;                            ;             ;
; Average used               ; 1.00        ;
; Maximum used               ; 16          ;
;                            ;             ;
; Usage by Processor         ; % Time Used ;
;     Processor 1            ; 100.0%      ;
;     Processors 2-16        ;   0.0%      ;
+----------------------------+-------------+


+------------------------------------------------------------------------------------------------------------------------------------------------------------------+
; Analysis & Synthesis Source Files Read                                                                                                                           ;
+----------------------------------+-----------------+------------------------------+--------------------------------------------------------------------+---------+
; File Name with User-Entered Path ; Used in Netlist ; File Type                    ; File Name with Absolute Path                                       ; Library ;
+----------------------------------+-----------------+------------------------------+--------------------------------------------------------------------+---------+
; test_memory.sv                   ; yes             ; User SystemVerilog HDL File  ; C:/Users/Brock/School/ECE385/GitLab/ece385/Lab6/test_memory.sv     ;         ;
; SLC3_2.sv                        ; yes             ; User SystemVerilog HDL File  ; C:/Users/Brock/School/ECE385/GitLab/ece385/Lab6/SLC3_2.sv          ;         ;
; slc3.sv                          ; yes             ; User SystemVerilog HDL File  ; C:/Users/Brock/School/ECE385/GitLab/ece385/Lab6/slc3.sv            ;         ;
; register_unit.sv                 ; yes             ; User SystemVerilog HDL File  ; C:/Users/Brock/School/ECE385/GitLab/ece385/Lab6/register_unit.sv   ;         ;
; register.sv                      ; yes             ; User SystemVerilog HDL File  ; C:/Users/Brock/School/ECE385/GitLab/ece385/Lab6/register.sv        ;         ;
; mux.sv                           ; yes             ; User SystemVerilog HDL File  ; C:/Users/Brock/School/ECE385/GitLab/ece385/Lab6/mux.sv             ;         ;
; memory_contents.sv               ; yes             ; User SystemVerilog HDL File  ; C:/Users/Brock/School/ECE385/GitLab/ece385/Lab6/memory_contents.sv ;         ;
; Mem2IO.sv                        ; yes             ; User SystemVerilog HDL File  ; C:/Users/Brock/School/ECE385/GitLab/ece385/Lab6/Mem2IO.sv          ;         ;
; lab6_toplevel.sv                 ; yes             ; User SystemVerilog HDL File  ; C:/Users/Brock/School/ECE385/GitLab/ece385/Lab6/lab6_toplevel.sv   ;         ;
; ISDU.sv                          ; yes             ; User SystemVerilog HDL File  ; C:/Users/Brock/School/ECE385/GitLab/ece385/Lab6/ISDU.sv            ;         ;
; HexDriver.sv                     ; yes             ; User SystemVerilog HDL File  ; C:/Users/Brock/School/ECE385/GitLab/ece385/Lab6/HexDriver.sv       ;         ;
; EXT.sv                           ; yes             ; User SystemVerilog HDL File  ; C:/Users/Brock/School/ECE385/GitLab/ece385/Lab6/EXT.sv             ;         ;
; datapath.sv                      ; yes             ; User SystemVerilog HDL File  ; C:/Users/Brock/School/ECE385/GitLab/ece385/Lab6/datapath.sv        ;         ;
; BEN.sv                           ; yes             ; User SystemVerilog HDL File  ; C:/Users/Brock/School/ECE385/GitLab/ece385/Lab6/BEN.sv             ;         ;
; ALU.sv                           ; yes             ; User SystemVerilog HDL File  ; C:/Users/Brock/School/ECE385/GitLab/ece385/Lab6/ALU.sv             ;         ;
; tristate.sv                      ; yes             ; User SystemVerilog HDL File  ; C:/Users/Brock/School/ECE385/GitLab/ece385/Lab6/tristate.sv        ;         ;
+----------------------------------+-----------------+------------------------------+--------------------------------------------------------------------+---------+


+---------------------------------------------------------+
; Analysis & Synthesis Resource Usage Summary             ;
+---------------------------------------------+-----------+
; Resource                                    ; Usage     ;
+---------------------------------------------+-----------+
; Estimated Total logic elements              ; 126       ;
;                                             ;           ;
; Total combinational functions               ; 110       ;
; Logic element usage by number of LUT inputs ;           ;
;     -- 4 input functions                    ; 53        ;
;     -- 3 input functions                    ; 2         ;
;     -- <=2 input functions                  ; 55        ;
;                                             ;           ;
; Logic elements by mode                      ;           ;
;     -- normal mode                          ; 95        ;
;     -- arithmetic mode                      ; 15        ;
;                                             ;           ;
; Total registers                             ; 87        ;
;     -- Dedicated logic registers            ; 87        ;
;     -- I/O registers                        ; 0         ;
;                                             ;           ;
; I/O pins                                    ; 129       ;
;                                             ;           ;
; Embedded Multiplier 9-bit elements          ; 0         ;
;                                             ;           ;
; Maximum fan-out node                        ; Clk~input ;
; Maximum fan-out                             ; 87        ;
; Total fan-out                               ; 821       ;
; Average fan-out                             ; 1.74      ;
+---------------------------------------------+-----------+


+-------------------------------------------------------------------------------------------------------------------------------------------------------------------------------------------------------------------------------------------------------------+
; Analysis & Synthesis Resource Utilization by Entity                                                                                                                                                                                                         ;
+-----------------------------------+---------------------+---------------------------+-------------+--------------+---------+-----------+------+--------------+---------------------------------------------------------------+---------------+--------------+
; Compilation Hierarchy Node        ; Combinational ALUTs ; Dedicated Logic Registers ; Memory Bits ; DSP Elements ; DSP 9x9 ; DSP 18x18 ; Pins ; Virtual Pins ; Full Hierarchy Name                                           ; Entity Name   ; Library Name ;
+-----------------------------------+---------------------+---------------------------+-------------+--------------+---------+-----------+------+--------------+---------------------------------------------------------------+---------------+--------------+
; |lab6_toplevel                    ; 110 (0)             ; 87 (0)                    ; 0           ; 0            ; 0       ; 0         ; 129  ; 0            ; |lab6_toplevel                                                ; lab6_toplevel ; work         ;
;    |slc3:my_slc|                  ; 110 (0)             ; 87 (0)                    ; 0           ; 0            ; 0       ; 0         ; 0    ; 0            ; |lab6_toplevel|slc3:my_slc                                    ; slc3          ; work         ;
;       |HexDriver:hex_driver0|     ; 7 (7)               ; 0 (0)                     ; 0           ; 0            ; 0       ; 0         ; 0    ; 0            ; |lab6_toplevel|slc3:my_slc|HexDriver:hex_driver0              ; HexDriver     ; work         ;
;       |HexDriver:hex_driver1|     ; 7 (7)               ; 0 (0)                     ; 0           ; 0            ; 0       ; 0         ; 0    ; 0            ; |lab6_toplevel|slc3:my_slc|HexDriver:hex_driver1              ; HexDriver     ; work         ;
;       |HexDriver:hex_driver2|     ; 7 (7)               ; 0 (0)                     ; 0           ; 0            ; 0       ; 0         ; 0    ; 0            ; |lab6_toplevel|slc3:my_slc|HexDriver:hex_driver2              ; HexDriver     ; work         ;
;       |HexDriver:hex_driver3|     ; 7 (7)               ; 0 (0)                     ; 0           ; 0            ; 0       ; 0         ; 0    ; 0            ; |lab6_toplevel|slc3:my_slc|HexDriver:hex_driver3              ; HexDriver     ; work         ;
;       |ISDU:state_controller|     ; 8 (8)               ; 7 (7)                     ; 0           ; 0            ; 0       ; 0         ; 0    ; 0            ; |lab6_toplevel|slc3:my_slc|ISDU:state_controller              ; ISDU          ; work         ;
;       |Mem2IO:memory_subsystem|   ; 5 (5)               ; 0 (0)                     ; 0           ; 0            ; 0       ; 0         ; 0    ; 0            ; |lab6_toplevel|slc3:my_slc|Mem2IO:memory_subsystem            ; Mem2IO        ; work         ;
;       |datapath:d0|               ; 69 (0)              ; 64 (0)                    ; 0           ; 0            ; 0       ; 0         ; 0    ; 0            ; |lab6_toplevel|slc3:my_slc|datapath:d0                        ; datapath      ; work         ;
;          |bus_mux:BusMuxInstance| ; 16 (16)             ; 0 (0)                     ; 0           ; 0            ; 0       ; 0         ; 0    ; 0            ; |lab6_toplevel|slc3:my_slc|datapath:d0|bus_mux:BusMuxInstance ; bus_mux       ; work         ;
;          |reg16:IR|               ; 1 (1)               ; 16 (16)                   ; 0           ; 0            ; 0       ; 0         ; 0    ; 0            ; |lab6_toplevel|slc3:my_slc|datapath:d0|reg16:IR               ; reg16         ; work         ;
;          |reg16:MAR|              ; 17 (17)             ; 16 (16)                   ; 0           ; 0            ; 0       ; 0         ; 0    ; 0            ; |lab6_toplevel|slc3:my_slc|datapath:d0|reg16:MAR              ; reg16         ; work         ;
;          |reg16:MDR|              ; 19 (19)             ; 16 (16)                   ; 0           ; 0            ; 0       ; 0         ; 0    ; 0            ; |lab6_toplevel|slc3:my_slc|datapath:d0|reg16:MDR              ; reg16         ; work         ;
;          |reg16:PC|               ; 16 (16)             ; 16 (16)                   ; 0           ; 0            ; 0       ; 0         ; 0    ; 0            ; |lab6_toplevel|slc3:my_slc|datapath:d0|reg16:PC               ; reg16         ; work         ;
;       |tristate:tr0|              ; 0 (0)               ; 16 (16)                   ; 0           ; 0            ; 0       ; 0         ; 0    ; 0            ; |lab6_toplevel|slc3:my_slc|tristate:tr0                       ; tristate      ; work         ;
+-----------------------------------+---------------------+---------------------------+-------------+--------------+---------+-----------+------+--------------+---------------------------------------------------------------+---------------+--------------+
Note: For table entries with two numbers listed, the numbers in parentheses indicate the number of resources of the given type used by the specific entity alone. The numbers listed outside of parentheses indicate the total resources of the given type used by the specific entity and all of its sub-entities in the hierarchy.


Encoding Type:  One-Hot
+---------------------------------------------------------------------------------------------------------------------------------------------------+
; State Machine - |lab6_toplevel|slc3:my_slc|ISDU:state_controller|State                                                                            ;
+----------------+------------+------------+--------------+--------------+------------+----------------+----------------+--------------+------------+
; Name           ; State.S_32 ; State.S_35 ; State.S_33_2 ; State.S_33_1 ; State.S_18 ; State.PauseIR2 ; State.PauseIR1 ; State.Halted ; State.S_01 ;
+----------------+------------+------------+--------------+--------------+------------+----------------+----------------+--------------+------------+
; State.Halted   ; 0          ; 0          ; 0            ; 0            ; 0          ; 0              ; 0              ; 0            ; 0          ;
; State.PauseIR1 ; 0          ; 0          ; 0            ; 0            ; 0          ; 0              ; 1              ; 1            ; 0          ;
; State.PauseIR2 ; 0          ; 0          ; 0            ; 0            ; 0          ; 1              ; 0              ; 1            ; 0          ;
; State.S_18     ; 0          ; 0          ; 0            ; 0            ; 1          ; 0              ; 0              ; 1            ; 0          ;
; State.S_33_1   ; 0          ; 0          ; 0            ; 1            ; 0          ; 0              ; 0              ; 1            ; 0          ;
; State.S_33_2   ; 0          ; 0          ; 1            ; 0            ; 0          ; 0              ; 0              ; 1            ; 0          ;
; State.S_35     ; 0          ; 1          ; 0            ; 0            ; 0          ; 0              ; 0              ; 1            ; 0          ;
; State.S_32     ; 1          ; 0          ; 0            ; 0            ; 0          ; 0              ; 0              ; 1            ; 0          ;
; State.S_01     ; 0          ; 0          ; 0            ; 0            ; 0          ; 0              ; 0              ; 1            ; 1          ;
+----------------+------------+------------+--------------+--------------+------------+----------------+----------------+--------------+------------+


+------------------------------------------------------------------------------------------------------------------------------------------------------+
; Registers Removed During Synthesis                                                                                                                   ;
+----------------------------------------------------------------------+-------------------------------------------------------------------------------+
; Register name                                                        ; Reason for Removal                                                            ;
+----------------------------------------------------------------------+-------------------------------------------------------------------------------+
; slc3:my_slc|tristate:tr0|Data_write_buffer[0..15]                    ; Stuck at GND due to stuck port data_in                                        ;
; slc3:my_slc|datapath:d0|register_unit:regUnitInstance|Reg[1][0]      ; Lost fanout                                                                   ;
; slc3:my_slc|datapath:d0|register_unit:regUnitInstance|Reg[1][1]      ; Lost fanout                                                                   ;
; slc3:my_slc|datapath:d0|register_unit:regUnitInstance|Reg[1][2]      ; Lost fanout                                                                   ;
; slc3:my_slc|datapath:d0|register_unit:regUnitInstance|Reg[1][3]      ; Lost fanout                                                                   ;
; slc3:my_slc|datapath:d0|register_unit:regUnitInstance|Reg[1][4]      ; Lost fanout                                                                   ;
; slc3:my_slc|datapath:d0|register_unit:regUnitInstance|Reg[1][5]      ; Lost fanout                                                                   ;
; slc3:my_slc|datapath:d0|register_unit:regUnitInstance|Reg[1][6]      ; Lost fanout                                                                   ;
; slc3:my_slc|datapath:d0|register_unit:regUnitInstance|Reg[1][7]      ; Lost fanout                                                                   ;
; slc3:my_slc|datapath:d0|register_unit:regUnitInstance|Reg[1][8]      ; Lost fanout                                                                   ;
; slc3:my_slc|datapath:d0|register_unit:regUnitInstance|Reg[1][9]      ; Lost fanout                                                                   ;
; slc3:my_slc|datapath:d0|register_unit:regUnitInstance|Reg[1][10]     ; Lost fanout                                                                   ;
; slc3:my_slc|datapath:d0|register_unit:regUnitInstance|Reg[1][11]     ; Lost fanout                                                                   ;
; slc3:my_slc|datapath:d0|register_unit:regUnitInstance|Reg[1][12]     ; Lost fanout                                                                   ;
; slc3:my_slc|datapath:d0|register_unit:regUnitInstance|Reg[1][13]     ; Lost fanout                                                                   ;
; slc3:my_slc|datapath:d0|register_unit:regUnitInstance|Reg[1][14]     ; Lost fanout                                                                   ;
; slc3:my_slc|datapath:d0|register_unit:regUnitInstance|Reg[1][15]     ; Lost fanout                                                                   ;
; slc3:my_slc|datapath:d0|register_unit:regUnitInstance|Reg[2][0]      ; Lost fanout                                                                   ;
; slc3:my_slc|datapath:d0|register_unit:regUnitInstance|Reg[2][1]      ; Lost fanout                                                                   ;
; slc3:my_slc|datapath:d0|register_unit:regUnitInstance|Reg[2][2]      ; Lost fanout                                                                   ;
; slc3:my_slc|datapath:d0|register_unit:regUnitInstance|Reg[2][3]      ; Lost fanout                                                                   ;
; slc3:my_slc|datapath:d0|register_unit:regUnitInstance|Reg[2][4]      ; Lost fanout                                                                   ;
; slc3:my_slc|datapath:d0|register_unit:regUnitInstance|Reg[2][5]      ; Lost fanout                                                                   ;
; slc3:my_slc|datapath:d0|register_unit:regUnitInstance|Reg[2][6]      ; Lost fanout                                                                   ;
; slc3:my_slc|datapath:d0|register_unit:regUnitInstance|Reg[2][7]      ; Lost fanout                                                                   ;
; slc3:my_slc|datapath:d0|register_unit:regUnitInstance|Reg[2][8]      ; Lost fanout                                                                   ;
; slc3:my_slc|datapath:d0|register_unit:regUnitInstance|Reg[2][9]      ; Lost fanout                                                                   ;
; slc3:my_slc|datapath:d0|register_unit:regUnitInstance|Reg[2][10]     ; Lost fanout                                                                   ;
; slc3:my_slc|datapath:d0|register_unit:regUnitInstance|Reg[2][11]     ; Lost fanout                                                                   ;
; slc3:my_slc|datapath:d0|register_unit:regUnitInstance|Reg[2][12]     ; Lost fanout                                                                   ;
; slc3:my_slc|datapath:d0|register_unit:regUnitInstance|Reg[2][13]     ; Lost fanout                                                                   ;
; slc3:my_slc|datapath:d0|register_unit:regUnitInstance|Reg[2][14]     ; Lost fanout                                                                   ;
; slc3:my_slc|datapath:d0|register_unit:regUnitInstance|Reg[2][15]     ; Lost fanout                                                                   ;
; slc3:my_slc|datapath:d0|register_unit:regUnitInstance|SR2_out[0]     ; Merged with slc3:my_slc|datapath:d0|register_unit:regUnitInstance|SR1_out[0]  ;
; slc3:my_slc|datapath:d0|register_unit:regUnitInstance|SR2_out[1]     ; Merged with slc3:my_slc|datapath:d0|register_unit:regUnitInstance|SR1_out[1]  ;
; slc3:my_slc|datapath:d0|register_unit:regUnitInstance|SR2_out[2]     ; Merged with slc3:my_slc|datapath:d0|register_unit:regUnitInstance|SR1_out[2]  ;
; slc3:my_slc|datapath:d0|register_unit:regUnitInstance|SR2_out[3]     ; Merged with slc3:my_slc|datapath:d0|register_unit:regUnitInstance|SR1_out[3]  ;
; slc3:my_slc|datapath:d0|register_unit:regUnitInstance|SR2_out[4]     ; Merged with slc3:my_slc|datapath:d0|register_unit:regUnitInstance|SR1_out[4]  ;
; slc3:my_slc|datapath:d0|register_unit:regUnitInstance|SR2_out[5]     ; Merged with slc3:my_slc|datapath:d0|register_unit:regUnitInstance|SR1_out[5]  ;
; slc3:my_slc|datapath:d0|register_unit:regUnitInstance|SR2_out[6]     ; Merged with slc3:my_slc|datapath:d0|register_unit:regUnitInstance|SR1_out[6]  ;
; slc3:my_slc|datapath:d0|register_unit:regUnitInstance|SR2_out[7]     ; Merged with slc3:my_slc|datapath:d0|register_unit:regUnitInstance|SR1_out[7]  ;
; slc3:my_slc|datapath:d0|register_unit:regUnitInstance|SR2_out[8]     ; Merged with slc3:my_slc|datapath:d0|register_unit:regUnitInstance|SR1_out[8]  ;
; slc3:my_slc|datapath:d0|register_unit:regUnitInstance|SR2_out[9]     ; Merged with slc3:my_slc|datapath:d0|register_unit:regUnitInstance|SR1_out[9]  ;
; slc3:my_slc|datapath:d0|register_unit:regUnitInstance|SR2_out[10]    ; Merged with slc3:my_slc|datapath:d0|register_unit:regUnitInstance|SR1_out[10] ;
; slc3:my_slc|datapath:d0|register_unit:regUnitInstance|SR2_out[11]    ; Merged with slc3:my_slc|datapath:d0|register_unit:regUnitInstance|SR1_out[11] ;
; slc3:my_slc|datapath:d0|register_unit:regUnitInstance|SR2_out[12]    ; Merged with slc3:my_slc|datapath:d0|register_unit:regUnitInstance|SR1_out[12] ;
; slc3:my_slc|datapath:d0|register_unit:regUnitInstance|SR2_out[13]    ; Merged with slc3:my_slc|datapath:d0|register_unit:regUnitInstance|SR1_out[13] ;
; slc3:my_slc|datapath:d0|register_unit:regUnitInstance|SR2_out[14]    ; Merged with slc3:my_slc|datapath:d0|register_unit:regUnitInstance|SR1_out[14] ;
; slc3:my_slc|datapath:d0|register_unit:regUnitInstance|SR2_out[15]    ; Merged with slc3:my_slc|datapath:d0|register_unit:regUnitInstance|SR1_out[15] ;
; slc3:my_slc|datapath:d0|register_unit:regUnitInstance|Reg[0][15]     ; Stuck at GND due to stuck port clock_enable                                   ;
; slc3:my_slc|datapath:d0|register_unit:regUnitInstance|Reg[0][14]     ; Stuck at GND due to stuck port clock_enable                                   ;
; slc3:my_slc|datapath:d0|register_unit:regUnitInstance|Reg[0][13]     ; Stuck at GND due to stuck port clock_enable                                   ;
; slc3:my_slc|datapath:d0|register_unit:regUnitInstance|Reg[0][12]     ; Stuck at GND due to stuck port clock_enable                                   ;
; slc3:my_slc|datapath:d0|register_unit:regUnitInstance|Reg[0][11]     ; Stuck at GND due to stuck port clock_enable                                   ;
; slc3:my_slc|datapath:d0|register_unit:regUnitInstance|Reg[0][10]     ; Stuck at GND due to stuck port clock_enable                                   ;
; slc3:my_slc|datapath:d0|register_unit:regUnitInstance|Reg[0][9]      ; Stuck at GND due to stuck port clock_enable                                   ;
; slc3:my_slc|datapath:d0|register_unit:regUnitInstance|Reg[0][8]      ; Stuck at GND due to stuck port clock_enable                                   ;
; slc3:my_slc|datapath:d0|register_unit:regUnitInstance|Reg[0][7]      ; Stuck at GND due to stuck port clock_enable                                   ;
; slc3:my_slc|datapath:d0|register_unit:regUnitInstance|Reg[0][6]      ; Stuck at GND due to stuck port clock_enable                                   ;
; slc3:my_slc|datapath:d0|register_unit:regUnitInstance|Reg[0][5]      ; Stuck at GND due to stuck port clock_enable                                   ;
; slc3:my_slc|datapath:d0|register_unit:regUnitInstance|Reg[0][4]      ; Stuck at GND due to stuck port clock_enable                                   ;
; slc3:my_slc|datapath:d0|register_unit:regUnitInstance|Reg[0][3]      ; Stuck at GND due to stuck port clock_enable                                   ;
; slc3:my_slc|datapath:d0|register_unit:regUnitInstance|Reg[0][2]      ; Stuck at GND due to stuck port clock_enable                                   ;
; slc3:my_slc|datapath:d0|register_unit:regUnitInstance|Reg[0][1]      ; Stuck at GND due to stuck port clock_enable                                   ;
; slc3:my_slc|datapath:d0|register_unit:regUnitInstance|Reg[0][0]      ; Stuck at GND due to stuck port clock_enable                                   ;
; slc3:my_slc|datapath:d0|register_unit:regUnitInstance|SR1_out[0..15] ; Lost fanout                                                                   ;
; slc3:my_slc|ISDU:state_controller|State.S_32                         ; Lost fanout                                                                   ;
; slc3:my_slc|ISDU:state_controller|State.S_01                         ; Lost fanout                                                                   ;
; slc3:my_slc|ISDU:state_controller|State~2                            ; Lost fanout                                                                   ;
; slc3:my_slc|ISDU:state_controller|State~3                            ; Lost fanout                                                                   ;
; slc3:my_slc|ISDU:state_controller|State~4                            ; Lost fanout                                                                   ;
; Total Number of Removed Registers = 101                              ;                                                                               ;
+----------------------------------------------------------------------+-------------------------------------------------------------------------------+


+------------------------------------------------------------------------------------------------------------------------------------------------------------------------+
; Removed Registers Triggering Further Register Optimizations                                                                                                            ;
+------------------------------------------------------------------+--------------------------------+--------------------------------------------------------------------+
; Register name                                                    ; Reason for Removal             ; Registers Removed due to This Register                             ;
+------------------------------------------------------------------+--------------------------------+--------------------------------------------------------------------+
; slc3:my_slc|datapath:d0|register_unit:regUnitInstance|Reg[0][15] ; Stuck at GND                   ; slc3:my_slc|datapath:d0|register_unit:regUnitInstance|SR1_out[15], ;
;                                                                  ; due to stuck port clock_enable ; slc3:my_slc|datapath:d0|register_unit:regUnitInstance|SR1_out[14]  ;
+------------------------------------------------------------------+--------------------------------+--------------------------------------------------------------------+


+------------------------------------------------------+
; General Register Statistics                          ;
+----------------------------------------------+-------+
; Statistic                                    ; Value ;
+----------------------------------------------+-------+
; Total registers                              ; 87    ;
; Number of registers using Synchronous Clear  ; 34    ;
; Number of registers using Synchronous Load   ; 16    ;
; Number of registers using Asynchronous Clear ; 0     ;
; Number of registers using Asynchronous Load  ; 0     ;
; Number of registers using Clock Enable       ; 64    ;
; Number of registers using Preset             ; 0     ;
+----------------------------------------------+-------+


+---------------------------------------------------------------------------------------------------------------------------------------------------------------------------------+
; Multiplexer Restructuring Statistics (Restructuring Performed)                                                                                                                  ;
+--------------------+-----------+---------------+----------------------+------------------------+------------+-------------------------------------------------------------------+
; Multiplexer Inputs ; Bus Width ; Baseline Area ; Area if Restructured ; Saving if Restructured ; Registered ; Example Multiplexer Output                                        ;
+--------------------+-----------+---------------+----------------------+------------------------+------------+-------------------------------------------------------------------+
; 3:1                ; 32 bits   ; 64 LEs        ; 32 LEs               ; 32 LEs                 ; Yes        ; |lab6_toplevel|slc3:my_slc|datapath:d0|reg16:MAR|dout[6]          ;
; 3:1                ; 16 bits   ; 32 LEs        ; 16 LEs               ; 16 LEs                 ; Yes        ; |lab6_toplevel|slc3:my_slc|datapath:d0|reg16:IR|dout[0]           ;
; 5:1                ; 16 bits   ; 48 LEs        ; 32 LEs               ; 16 LEs                 ; Yes        ; |lab6_toplevel|slc3:my_slc|datapath:d0|reg16:MDR|dout[11]         ;
; 4:1                ; 16 bits   ; 32 LEs        ; 32 LEs               ; 0 LEs                  ; No         ; |lab6_toplevel|slc3:my_slc|datapath:d0|bus_mux:BusMuxInstance|out ;
; 4:1                ; 2 bits    ; 4 LEs         ; 4 LEs                ; 0 LEs                  ; No         ; |lab6_toplevel|slc3:my_slc|ISDU:state_controller|State            ;
+--------------------+-----------+---------------+----------------------+------------------------+------------+-------------------------------------------------------------------+


+-----------------------------------------------------------------------+
; Parameter Settings for User Entity Instance: slc3:my_slc|tristate:tr0 ;
+----------------+-------+----------------------------------------------+
; Parameter Name ; Value ; Type                                         ;
+----------------+-------+----------------------------------------------+
; N              ; 16    ; Signed Integer                               ;
+----------------+-------+----------------------------------------------+
Note: In order to hide this table in the UI and the text report file, please set the "Show Parameter Settings in Synthesis Report" option in "Analysis and Synthesis Settings -> More Settings" to "Off".


+-------------------------------------------------------------------------+
; Parameter Settings for User Entity Instance: test_memory:my_test_memory ;
+----------------+-------+------------------------------------------------+
; Parameter Name ; Value ; Type                                           ;
+----------------+-------+------------------------------------------------+
; size           ; 256   ; Signed Integer                                 ;
; init_external  ; 0     ; Signed Integer                                 ;
+----------------+-------+------------------------------------------------+
Note: In order to hide this table in the UI and the text report file, please set the "Show Parameter Settings in Synthesis Report" option in "Analysis and Synthesis Settings -> More Settings" to "Off".


+----------------------------------------------------------------------------------------------+
; Parameter Settings for User Entity Instance: test_memory:my_test_memory|memory_parser:parser ;
+----------------+-------+---------------------------------------------------------------------+
; Parameter Name ; Value ; Type                                                                ;
+----------------+-------+---------------------------------------------------------------------+
; size           ; 256   ; Signed Integer                                                      ;
+----------------+-------+---------------------------------------------------------------------+
Note: In order to hide this table in the UI and the text report file, please set the "Show Parameter Settings in Synthesis Report" option in "Analysis and Synthesis Settings -> More Settings" to "Off".


+-----------------------------------------------------------------------------------------------------------------+
; Port Connectivity Checks: "slc3:my_slc|ISDU:state_controller"                                                   ;
+-------+--------+----------+-------------------------------------------------------------------------------------+
; Port  ; Type   ; Severity ; Details                                                                             ;
+-------+--------+----------+-------------------------------------------------------------------------------------+
; DRMUX ; Output ; Info     ; Connected to dangling logic. Logic that only feeds a dangling port will be removed. ;
+-------+--------+----------+-------------------------------------------------------------------------------------+


+------------------------------------------------------------------------------------------------------------------------+
; Port Connectivity Checks: "slc3:my_slc|Mem2IO:memory_subsystem"                                                        ;
+--------------+--------+----------+-------------------------------------------------------------------------------------+
; Port         ; Type   ; Severity ; Details                                                                             ;
+--------------+--------+----------+-------------------------------------------------------------------------------------+
; ADDR[19..16] ; Input  ; Info     ; Stuck at GND                                                                        ;
; HEX0         ; Output ; Info     ; Connected to dangling logic. Logic that only feeds a dangling port will be removed. ;
; HEX1         ; Output ; Info     ; Connected to dangling logic. Logic that only feeds a dangling port will be removed. ;
; HEX2         ; Output ; Info     ; Connected to dangling logic. Logic that only feeds a dangling port will be removed. ;
; HEX3         ; Output ; Info     ; Connected to dangling logic. Logic that only feeds a dangling port will be removed. ;
+--------------+--------+----------+-------------------------------------------------------------------------------------+


+------------------------------------------------------------------------------------------------------------------+
; Port Connectivity Checks: "slc3:my_slc|datapath:d0|register_unit:regUnitInstance|mux_3bit_2input:SR1MUX"         ;
+--------+--------+----------+-------------------------------------------------------------------------------------+
; Port   ; Type   ; Severity ; Details                                                                             ;
+--------+--------+----------+-------------------------------------------------------------------------------------+
; out[2] ; Output ; Info     ; Connected to dangling logic. Logic that only feeds a dangling port will be removed. ;
+--------+--------+----------+-------------------------------------------------------------------------------------+


+---------------------------------------------------------------------------------------------------------+
; Port Connectivity Checks: "slc3:my_slc|datapath:d0|register_unit:regUnitInstance|mux_3bit_2input:DRMUX" ;
+------+-------+----------+-------------------------------------------------------------------------------+
; Port ; Type  ; Severity ; Details                                                                       ;
+------+-------+----------+-------------------------------------------------------------------------------+
; In1  ; Input ; Info     ; Stuck at VCC                                                                  ;
+------+-------+----------+-------------------------------------------------------------------------------+


+-----------------------------------------------------------------------------------+
; Port Connectivity Checks: "slc3:my_slc|datapath:d0|register_unit:regUnitInstance" ;
+------+-------+----------+---------------------------------------------------------+
; Port ; Type  ; Severity ; Details                                                 ;
+------+-------+----------+---------------------------------------------------------+
; SR2  ; Input ; Info     ; Explicitly unconnected                                  ;
+------+-------+----------+---------------------------------------------------------+


+---------------------------------------------------------------------------------------+
; Port Connectivity Checks: "slc3:my_slc|datapath:d0|mux_16bit_4input:ADDR2MUXinstance" ;
+------+-------+----------+-------------------------------------------------------------+
; Port ; Type  ; Severity ; Details                                                     ;
+------+-------+----------+-------------------------------------------------------------+
; In3  ; Input ; Info     ; Stuck at GND                                                ;
+------+-------+----------+-------------------------------------------------------------+


+------------------------------------------------------------------------------------+
; Port Connectivity Checks: "slc3:my_slc|datapath:d0|mux_16bit_4input:PCMUXinstance" ;
+------+-------+----------+----------------------------------------------------------+
; Port ; Type  ; Severity ; Details                                                  ;
+------+-------+----------+----------------------------------------------------------+
; In3  ; Input ; Info     ; Explicitly unconnected                                   ;
+------+-------+----------+----------------------------------------------------------+


+-----------------------------------------------------+
; Port Connectivity Checks: "slc3:my_slc|datapath:d0" ;
+-------+-------+----------+--------------------------+
; Port  ; Type  ; Severity ; Details                  ;
+-------+-------+----------+--------------------------+
; DRMUX ; Input ; Info     ; Stuck at GND             ;
; MEMIO ; Input ; Info     ; Stuck at VCC             ;
+-------+-------+----------+--------------------------+


+-----------------------------------------------------+
; Post-Synthesis Netlist Statistics for Top Partition ;
+-----------------------+-----------------------------+
; Type                  ; Count                       ;
+-----------------------+-----------------------------+
; boundary_port         ; 129                         ;
; cycloneiii_ff         ; 87                          ;
;     ENA               ; 32                          ;
;     ENA SCLR          ; 16                          ;
;     ENA SCLR SLD      ; 16                          ;
;     SCLR              ; 2                           ;
;     plain             ; 21                          ;
; cycloneiii_io_obuf    ; 16                          ;
; cycloneiii_lcell_comb ; 117                         ;
;     arith             ; 15                          ;
;         2 data inputs ; 15                          ;
;     normal            ; 102                         ;
;         0 data inputs ; 2                           ;
;         1 data inputs ; 6                           ;
;         2 data inputs ; 39                          ;
;         3 data inputs ; 2                           ;
;         4 data inputs ; 53                          ;
;                       ;                             ;
; Max LUT depth         ; 4.00                        ;
; Average LUT depth     ; 1.58                        ;
+-----------------------+-----------------------------+


+-------------------------------+
; Elapsed Time Per Partition    ;
+----------------+--------------+
; Partition Name ; Elapsed Time ;
+----------------+--------------+
; Top            ; 00:00:00     ;
+----------------+--------------+


+-------------------------------+
; Analysis & Synthesis Messages ;
+-------------------------------+
Info: *******************************************************************
Info: Running Quartus Prime Analysis & Synthesis
    Info: Version 18.0.0 Build 614 04/24/2018 SJ Lite Edition
    Info: Processing started: Mon Feb 18 17:32:46 2019
Info: Command: quartus_map --read_settings_files=on --write_settings_files=off LC3 -c lab6_toplevel
Warning (18236): Number of processors has not been specified which may cause overloading on shared machines.  Set the global assignment NUM_PARALLEL_PROCESSORS in your QSF to an appropriate value for best performance.
Info (20030): Parallel compilation is enabled and will use 16 of the 16 processors detected
Info (12021): Found 1 design units, including 1 entities, in source file testbench.sv
    Info (12023): Found entity 1: testbench File: C:/Users/Brock/School/ECE385/GitLab/ece385/Lab6/testbench.sv Line: 1
Info (12021): Found 1 design units, including 1 entities, in source file test_memory.sv
    Info (12023): Found entity 1: test_memory File: C:/Users/Brock/School/ECE385/GitLab/ece385/Lab6/test_memory.sv Line: 22
Info (12021): Found 1 design units, including 0 entities, in source file slc3_2.sv
    Info (12022): Found design unit 1: SLC3_2 (SystemVerilog) File: C:/Users/Brock/School/ECE385/GitLab/ece385/Lab6/SLC3_2.sv Line: 24
Info (12021): Found 1 design units, including 1 entities, in source file slc3.sv
    Info (12023): Found entity 1: slc3 File: C:/Users/Brock/School/ECE385/GitLab/ece385/Lab6/slc3.sv Line: 19
Info (12021): Found 1 design units, including 1 entities, in source file register_unit.sv
    Info (12023): Found entity 1: register_unit File: C:/Users/Brock/School/ECE385/GitLab/ece385/Lab6/register_unit.sv Line: 1
Info (12021): Found 1 design units, including 1 entities, in source file register.sv
    Info (12023): Found entity 1: reg16 File: C:/Users/Brock/School/ECE385/GitLab/ece385/Lab6/register.sv Line: 1
Info (12021): Found 4 design units, including 4 entities, in source file mux.sv
    Info (12023): Found entity 1: mux_16bit_2input File: C:/Users/Brock/School/ECE385/GitLab/ece385/Lab6/mux.sv Line: 1
    Info (12023): Found entity 2: mux_16bit_4input File: C:/Users/Brock/School/ECE385/GitLab/ece385/Lab6/mux.sv Line: 22
    Info (12023): Found entity 3: mux_3bit_2input File: C:/Users/Brock/School/ECE385/GitLab/ece385/Lab6/mux.sv Line: 46
    Info (12023): Found entity 4: bus_mux File: C:/Users/Brock/School/ECE385/GitLab/ece385/Lab6/mux.sv Line: 66
Info (12021): Found 1 design units, including 1 entities, in source file memory_contents.sv
    Info (12023): Found entity 1: memory_parser File: C:/Users/Brock/School/ECE385/GitLab/ece385/Lab6/memory_contents.sv Line: 16
Info (12021): Found 1 design units, including 1 entities, in source file mem2io.sv
    Info (12023): Found entity 1: Mem2IO File: C:/Users/Brock/School/ECE385/GitLab/ece385/Lab6/Mem2IO.sv Line: 16
Info (12021): Found 1 design units, including 1 entities, in source file lab6_toplevel.sv
    Info (12023): Found entity 1: lab6_toplevel File: C:/Users/Brock/School/ECE385/GitLab/ece385/Lab6/lab6_toplevel.sv Line: 10
Info (12021): Found 1 design units, including 1 entities, in source file isdu.sv
    Info (12023): Found entity 1: ISDU File: C:/Users/Brock/School/ECE385/GitLab/ece385/Lab6/ISDU.sv Line: 19
Info (12021): Found 1 design units, including 1 entities, in source file hexdriver.sv
    Info (12023): Found entity 1: HexDriver File: C:/Users/Brock/School/ECE385/GitLab/ece385/Lab6/HexDriver.sv Line: 1
Info (12021): Found 5 design units, including 5 entities, in source file ext.sv
    Info (12023): Found entity 1: SEXT10 File: C:/Users/Brock/School/ECE385/GitLab/ece385/Lab6/EXT.sv Line: 1
    Info (12023): Found entity 2: SEXT8 File: C:/Users/Brock/School/ECE385/GitLab/ece385/Lab6/EXT.sv Line: 12
    Info (12023): Found entity 3: SEXT5 File: C:/Users/Brock/School/ECE385/GitLab/ece385/Lab6/EXT.sv Line: 23
    Info (12023): Found entity 4: SEXT4 File: C:/Users/Brock/School/ECE385/GitLab/ece385/Lab6/EXT.sv Line: 34
    Info (12023): Found entity 5: ZEXT16 File: C:/Users/Brock/School/ECE385/GitLab/ece385/Lab6/EXT.sv Line: 45
Info (12021): Found 1 design units, including 1 entities, in source file datapath.sv
    Info (12023): Found entity 1: datapath File: C:/Users/Brock/School/ECE385/GitLab/ece385/Lab6/datapath.sv Line: 1
Info (12021): Found 1 design units, including 1 entities, in source file ben.sv
    Info (12023): Found entity 1: BEN_block File: C:/Users/Brock/School/ECE385/GitLab/ece385/Lab6/BEN.sv Line: 1
Info (12021): Found 1 design units, including 1 entities, in source file alu.sv
    Info (12023): Found entity 1: alu File: C:/Users/Brock/School/ECE385/GitLab/ece385/Lab6/ALU.sv Line: 1
Info (12021): Found 3 design units, including 3 entities, in source file adders.sv
    Info (12023): Found entity 1: FullAdder File: C:/Users/Brock/School/ECE385/GitLab/ece385/Lab6/adders.sv Line: 1
    Info (12023): Found entity 2: RippleCarryAdder8bit File: C:/Users/Brock/School/ECE385/GitLab/ece385/Lab6/adders.sv Line: 20
    Info (12023): Found entity 3: RippleCarrySubtractor8bit File: C:/Users/Brock/School/ECE385/GitLab/ece385/Lab6/adders.sv Line: 43
Info (12021): Found 1 design units, including 1 entities, in source file tristate.sv
    Info (12023): Found entity 1: tristate File: C:/Users/Brock/School/ECE385/GitLab/ece385/Lab6/tristate.sv Line: 16
Info (12127): Elaborating entity "lab6_toplevel" for the top level hierarchy
Info (12128): Elaborating entity "slc3" for hierarchy "slc3:my_slc" File: C:/Users/Brock/School/ECE385/GitLab/ece385/Lab6/lab6_toplevel.sv Line: 18
Warning (10036): Verilog HDL or VHDL warning at slc3.sv(42): object "MIO_EN" assigned a value but never read File: C:/Users/Brock/School/ECE385/GitLab/ece385/Lab6/slc3.sv Line: 42
Warning (10034): Output port "LED" at slc3.sv(22) has no driver File: C:/Users/Brock/School/ECE385/GitLab/ece385/Lab6/slc3.sv Line: 22
Info (12128): Elaborating entity "HexDriver" for hierarchy "slc3:my_slc|HexDriver:hex_driver3" File: C:/Users/Brock/School/ECE385/GitLab/ece385/Lab6/slc3.sv Line: 52
Info (12128): Elaborating entity "datapath" for hierarchy "slc3:my_slc|datapath:d0" File: C:/Users/Brock/School/ECE385/GitLab/ece385/Lab6/slc3.sv Line: 114
Warning (10034): Output port "PC_OUT" at datapath.sv(35) has no driver File: C:/Users/Brock/School/ECE385/GitLab/ece385/Lab6/datapath.sv Line: 35
Warning (10034): Output port "Data_from_CPU" at datapath.sv(39) has no driver File: C:/Users/Brock/School/ECE385/GitLab/ece385/Lab6/datapath.sv Line: 39
Info (12128): Elaborating entity "reg16" for hierarchy "slc3:my_slc|datapath:d0|reg16:PC" File: C:/Users/Brock/School/ECE385/GitLab/ece385/Lab6/datapath.sv Line: 75
Info (12128): Elaborating entity "mux_16bit_4input" for hierarchy "slc3:my_slc|datapath:d0|mux_16bit_4input:PCMUXinstance" File: C:/Users/Brock/School/ECE385/GitLab/ece385/Lab6/datapath.sv Line: 96
Info (12128): Elaborating entity "SEXT10" for hierarchy "slc3:my_slc|datapath:d0|SEXT10:IRsexter10" File: C:/Users/Brock/School/ECE385/GitLab/ece385/Lab6/datapath.sv Line: 98
Info (12128): Elaborating entity "SEXT8" for hierarchy "slc3:my_slc|datapath:d0|SEXT8:IRsexter8" File: C:/Users/Brock/School/ECE385/GitLab/ece385/Lab6/datapath.sv Line: 99
Info (12128): Elaborating entity "SEXT5" for hierarchy "slc3:my_slc|datapath:d0|SEXT5:IRsexter5" File: C:/Users/Brock/School/ECE385/GitLab/ece385/Lab6/datapath.sv Line: 100
Info (12128): Elaborating entity "SEXT4" for hierarchy "slc3:my_slc|datapath:d0|SEXT4:IRsexter4" File: C:/Users/Brock/School/ECE385/GitLab/ece385/Lab6/datapath.sv Line: 101
Info (12128): Elaborating entity "mux_16bit_2input" for hierarchy "slc3:my_slc|datapath:d0|mux_16bit_2input:ADDR1MUXinstance" File: C:/Users/Brock/School/ECE385/GitLab/ece385/Lab6/datapath.sv Line: 121
Info (12128): Elaborating entity "register_unit" for hierarchy "slc3:my_slc|datapath:d0|register_unit:regUnitInstance" File: C:/Users/Brock/School/ECE385/GitLab/ece385/Lab6/datapath.sv Line: 137
Info (12128): Elaborating entity "mux_3bit_2input" for hierarchy "slc3:my_slc|datapath:d0|register_unit:regUnitInstance|mux_3bit_2input:DRMUX" File: C:/Users/Brock/School/ECE385/GitLab/ece385/Lab6/register_unit.sv Line: 26
Info (12128): Elaborating entity "alu" for hierarchy "slc3:my_slc|datapath:d0|alu:aluInstance" File: C:/Users/Brock/School/ECE385/GitLab/ece385/Lab6/datapath.sv Line: 157
Info (12128): Elaborating entity "BEN_block" for hierarchy "slc3:my_slc|datapath:d0|BEN_block:BENLogic" File: C:/Users/Brock/School/ECE385/GitLab/ece385/Lab6/datapath.sv Line: 168
Info (12128): Elaborating entity "bus_mux" for hierarchy "slc3:my_slc|datapath:d0|bus_mux:BusMuxInstance" File: C:/Users/Brock/School/ECE385/GitLab/ece385/Lab6/datapath.sv Line: 183
Info (12128): Elaborating entity "Mem2IO" for hierarchy "slc3:my_slc|Mem2IO:memory_subsystem" File: C:/Users/Brock/School/ECE385/GitLab/ece385/Lab6/slc3.sv Line: 122
Info (12128): Elaborating entity "tristate" for hierarchy "slc3:my_slc|tristate:tr0" File: C:/Users/Brock/School/ECE385/GitLab/ece385/Lab6/slc3.sv Line: 127
Info (12128): Elaborating entity "ISDU" for hierarchy "slc3:my_slc|ISDU:state_controller" File: C:/Users/Brock/School/ECE385/GitLab/ece385/Lab6/slc3.sv Line: 134
Info (12128): Elaborating entity "test_memory" for hierarchy "test_memory:my_test_memory" File: C:/Users/Brock/School/ECE385/GitLab/ece385/Lab6/lab6_toplevel.sv Line: 22
Warning (10036): Verilog HDL or VHDL warning at test_memory.sv(42): object "actual_address" assigned a value but never read File: C:/Users/Brock/School/ECE385/GitLab/ece385/Lab6/test_memory.sv Line: 42
Info (12128): Elaborating entity "memory_parser" for hierarchy "test_memory:my_test_memory|memory_parser:parser" File: C:/Users/Brock/School/ECE385/GitLab/ece385/Lab6/test_memory.sv Line: 48
Warning (12011): Net is missing source, defaulting to GND
    Warning (12110): Net "slc3:my_slc|datapath:d0|IROUT[11]" is missing source, defaulting to GND File: C:/Users/Brock/School/ECE385/GitLab/ece385/Lab6/datapath.sv Line: 45
    Warning (12110): Net "slc3:my_slc|datapath:d0|IROUT[10]" is missing source, defaulting to GND File: C:/Users/Brock/School/ECE385/GitLab/ece385/Lab6/datapath.sv Line: 45
    Warning (12110): Net "slc3:my_slc|datapath:d0|IROUT[9]" is missing source, defaulting to GND File: C:/Users/Brock/School/ECE385/GitLab/ece385/Lab6/datapath.sv Line: 45
    Warning (12110): Net "slc3:my_slc|datapath:d0|IROUT[8]" is missing source, defaulting to GND File: C:/Users/Brock/School/ECE385/GitLab/ece385/Lab6/datapath.sv Line: 45
    Warning (12110): Net "slc3:my_slc|datapath:d0|IROUT[7]" is missing source, defaulting to GND File: C:/Users/Brock/School/ECE385/GitLab/ece385/Lab6/datapath.sv Line: 45
    Warning (12110): Net "slc3:my_slc|datapath:d0|IROUT[6]" is missing source, defaulting to GND File: C:/Users/Brock/School/ECE385/GitLab/ece385/Lab6/datapath.sv Line: 45
    Warning (12110): Net "slc3:my_slc|datapath:d0|IROUT[5]" is missing source, defaulting to GND File: C:/Users/Brock/School/ECE385/GitLab/ece385/Lab6/datapath.sv Line: 45
    Warning (12110): Net "slc3:my_slc|datapath:d0|IROUT[4]" is missing source, defaulting to GND File: C:/Users/Brock/School/ECE385/GitLab/ece385/Lab6/datapath.sv Line: 45
    Warning (12110): Net "slc3:my_slc|datapath:d0|IROUT[3]" is missing source, defaulting to GND File: C:/Users/Brock/School/ECE385/GitLab/ece385/Lab6/datapath.sv Line: 45
    Warning (12110): Net "slc3:my_slc|datapath:d0|IROUT[2]" is missing source, defaulting to GND File: C:/Users/Brock/School/ECE385/GitLab/ece385/Lab6/datapath.sv Line: 45
    Warning (12110): Net "slc3:my_slc|datapath:d0|IROUT[1]" is missing source, defaulting to GND File: C:/Users/Brock/School/ECE385/GitLab/ece385/Lab6/datapath.sv Line: 45
    Warning (12110): Net "slc3:my_slc|datapath:d0|IROUT[0]" is missing source, defaulting to GND File: C:/Users/Brock/School/ECE385/GitLab/ece385/Lab6/datapath.sv Line: 45
Warning (13024): Output pins are stuck at VCC or GND
    Warning (13410): Pin "LED[0]" is stuck at GND File: C:/Users/Brock/School/ECE385/GitLab/ece385/Lab6/lab6_toplevel.sv Line: 12
    Warning (13410): Pin "LED[1]" is stuck at GND File: C:/Users/Brock/School/ECE385/GitLab/ece385/Lab6/lab6_toplevel.sv Line: 12
    Warning (13410): Pin "LED[2]" is stuck at GND File: C:/Users/Brock/School/ECE385/GitLab/ece385/Lab6/lab6_toplevel.sv Line: 12
    Warning (13410): Pin "LED[3]" is stuck at GND File: C:/Users/Brock/School/ECE385/GitLab/ece385/Lab6/lab6_toplevel.sv Line: 12
    Warning (13410): Pin "LED[4]" is stuck at GND File: C:/Users/Brock/School/ECE385/GitLab/ece385/Lab6/lab6_toplevel.sv Line: 12
    Warning (13410): Pin "LED[5]" is stuck at GND File: C:/Users/Brock/School/ECE385/GitLab/ece385/Lab6/lab6_toplevel.sv Line: 12
    Warning (13410): Pin "LED[6]" is stuck at GND File: C:/Users/Brock/School/ECE385/GitLab/ece385/Lab6/lab6_toplevel.sv Line: 12
    Warning (13410): Pin "LED[7]" is stuck at GND File: C:/Users/Brock/School/ECE385/GitLab/ece385/Lab6/lab6_toplevel.sv Line: 12
    Warning (13410): Pin "LED[8]" is stuck at GND File: C:/Users/Brock/School/ECE385/GitLab/ece385/Lab6/lab6_toplevel.sv Line: 12
    Warning (13410): Pin "LED[9]" is stuck at GND File: C:/Users/Brock/School/ECE385/GitLab/ece385/Lab6/lab6_toplevel.sv Line: 12
    Warning (13410): Pin "LED[10]" is stuck at GND File: C:/Users/Brock/School/ECE385/GitLab/ece385/Lab6/lab6_toplevel.sv Line: 12
    Warning (13410): Pin "LED[11]" is stuck at GND File: C:/Users/Brock/School/ECE385/GitLab/ece385/Lab6/lab6_toplevel.sv Line: 12
    Warning (13410): Pin "HEX4[0]" is stuck at GND File: C:/Users/Brock/School/ECE385/GitLab/ece385/Lab6/lab6_toplevel.sv Line: 13
    Warning (13410): Pin "HEX4[1]" is stuck at GND File: C:/Users/Brock/School/ECE385/GitLab/ece385/Lab6/lab6_toplevel.sv Line: 13
    Warning (13410): Pin "HEX4[2]" is stuck at GND File: C:/Users/Brock/School/ECE385/GitLab/ece385/Lab6/lab6_toplevel.sv Line: 13
    Warning (13410): Pin "HEX4[3]" is stuck at GND File: C:/Users/Brock/School/ECE385/GitLab/ece385/Lab6/lab6_toplevel.sv Line: 13
    Warning (13410): Pin "HEX4[4]" is stuck at GND File: C:/Users/Brock/School/ECE385/GitLab/ece385/Lab6/lab6_toplevel.sv Line: 13
    Warning (13410): Pin "HEX4[5]" is stuck at GND File: C:/Users/Brock/School/ECE385/GitLab/ece385/Lab6/lab6_toplevel.sv Line: 13
    Warning (13410): Pin "HEX4[6]" is stuck at VCC File: C:/Users/Brock/School/ECE385/GitLab/ece385/Lab6/lab6_toplevel.sv Line: 13
    Warning (13410): Pin "HEX5[0]" is stuck at GND File: C:/Users/Brock/School/ECE385/GitLab/ece385/Lab6/lab6_toplevel.sv Line: 13
    Warning (13410): Pin "HEX5[1]" is stuck at GND File: C:/Users/Brock/School/ECE385/GitLab/ece385/Lab6/lab6_toplevel.sv Line: 13
    Warning (13410): Pin "HEX5[2]" is stuck at GND File: C:/Users/Brock/School/ECE385/GitLab/ece385/Lab6/lab6_toplevel.sv Line: 13
    Warning (13410): Pin "HEX5[3]" is stuck at GND File: C:/Users/Brock/School/ECE385/GitLab/ece385/Lab6/lab6_toplevel.sv Line: 13
    Warning (13410): Pin "HEX5[4]" is stuck at GND File: C:/Users/Brock/School/ECE385/GitLab/ece385/Lab6/lab6_toplevel.sv Line: 13
    Warning (13410): Pin "HEX5[5]" is stuck at GND File: C:/Users/Brock/School/ECE385/GitLab/ece385/Lab6/lab6_toplevel.sv Line: 13
    Warning (13410): Pin "HEX5[6]" is stuck at VCC File: C:/Users/Brock/School/ECE385/GitLab/ece385/Lab6/lab6_toplevel.sv Line: 13
    Warning (13410): Pin "HEX6[0]" is stuck at GND File: C:/Users/Brock/School/ECE385/GitLab/ece385/Lab6/lab6_toplevel.sv Line: 13
    Warning (13410): Pin "HEX6[1]" is stuck at GND File: C:/Users/Brock/School/ECE385/GitLab/ece385/Lab6/lab6_toplevel.sv Line: 13
    Warning (13410): Pin "HEX6[2]" is stuck at GND File: C:/Users/Brock/School/ECE385/GitLab/ece385/Lab6/lab6_toplevel.sv Line: 13
    Warning (13410): Pin "HEX6[3]" is stuck at GND File: C:/Users/Brock/School/ECE385/GitLab/ece385/Lab6/lab6_toplevel.sv Line: 13
    Warning (13410): Pin "HEX6[4]" is stuck at GND File: C:/Users/Brock/School/ECE385/GitLab/ece385/Lab6/lab6_toplevel.sv Line: 13
    Warning (13410): Pin "HEX6[5]" is stuck at GND File: C:/Users/Brock/School/ECE385/GitLab/ece385/Lab6/lab6_toplevel.sv Line: 13
    Warning (13410): Pin "HEX6[6]" is stuck at VCC File: C:/Users/Brock/School/ECE385/GitLab/ece385/Lab6/lab6_toplevel.sv Line: 13
    Warning (13410): Pin "HEX7[0]" is stuck at GND File: C:/Users/Brock/School/ECE385/GitLab/ece385/Lab6/lab6_toplevel.sv Line: 13
    Warning (13410): Pin "HEX7[1]" is stuck at GND File: C:/Users/Brock/School/ECE385/GitLab/ece385/Lab6/lab6_toplevel.sv Line: 13
    Warning (13410): Pin "HEX7[2]" is stuck at GND File: C:/Users/Brock/School/ECE385/GitLab/ece385/Lab6/lab6_toplevel.sv Line: 13
    Warning (13410): Pin "HEX7[3]" is stuck at GND File: C:/Users/Brock/School/ECE385/GitLab/ece385/Lab6/lab6_toplevel.sv Line: 13
    Warning (13410): Pin "HEX7[4]" is stuck at GND File: C:/Users/Brock/School/ECE385/GitLab/ece385/Lab6/lab6_toplevel.sv Line: 13
    Warning (13410): Pin "HEX7[5]" is stuck at GND File: C:/Users/Brock/School/ECE385/GitLab/ece385/Lab6/lab6_toplevel.sv Line: 13
    Warning (13410): Pin "HEX7[6]" is stuck at VCC File: C:/Users/Brock/School/ECE385/GitLab/ece385/Lab6/lab6_toplevel.sv Line: 13
    Warning (13410): Pin "CE" is stuck at GND File: C:/Users/Brock/School/ECE385/GitLab/ece385/Lab6/lab6_toplevel.sv Line: 14
    Warning (13410): Pin "UB" is stuck at GND File: C:/Users/Brock/School/ECE385/GitLab/ece385/Lab6/lab6_toplevel.sv Line: 14
    Warning (13410): Pin "LB" is stuck at GND File: C:/Users/Brock/School/ECE385/GitLab/ece385/Lab6/lab6_toplevel.sv Line: 14
    Warning (13410): Pin "WE" is stuck at VCC File: C:/Users/Brock/School/ECE385/GitLab/ece385/Lab6/lab6_toplevel.sv Line: 14
    Warning (13410): Pin "ADDR[16]" is stuck at GND File: C:/Users/Brock/School/ECE385/GitLab/ece385/Lab6/lab6_toplevel.sv Line: 15
    Warning (13410): Pin "ADDR[17]" is stuck at GND File: C:/Users/Brock/School/ECE385/GitLab/ece385/Lab6/lab6_toplevel.sv Line: 15
    Warning (13410): Pin "ADDR[18]" is stuck at GND File: C:/Users/Brock/School/ECE385/GitLab/ece385/Lab6/lab6_toplevel.sv Line: 15
    Warning (13410): Pin "ADDR[19]" is stuck at GND File: C:/Users/Brock/School/ECE385/GitLab/ece385/Lab6/lab6_toplevel.sv Line: 15
Info (286030): Timing-Driven Synthesis is running
Info (17049): 53 registers lost all their fanouts during netlist optimizations.
Info (16010): Generating hard_block partition "hard_block:auto_generated_inst"
    Info (16011): Adding 0 node(s), including 0 DDIO, 0 PLL, 0 transceiver and 0 LCELL
Info (21057): Implemented 255 device resources after synthesis - the final resource count might be different
    Info (21058): Implemented 20 input pins
    Info (21059): Implemented 93 output pins
    Info (21060): Implemented 16 bidirectional pins
    Info (21061): Implemented 126 logic cells
Info: Quartus Prime Analysis & Synthesis was successful. 0 errors, 68 warnings
    Info: Peak virtual memory: 4865 megabytes
    Info: Processing ended: Mon Feb 18 17:32:55 2019
    Info: Elapsed time: 00:00:09
    Info: Total CPU time (on all processors): 00:00:23


